03/27/18 22:42:12 [5344][1][FATAL]  Query Failed: INSERT INTO tracker_sessions (session_id,date_start,date_end,client_ip,user_id,round_trips ) VALUES ( 'spsa8tth20joc348gn7j8bst24','2018-03-27 15:42:10','2018-03-27 15:42:10','::1','1',1): MySQL error 1062: Duplicate entry '0' for key 'PRIMARY'
03/27/18 22:42:12 [5344][1][FATAL]  Query Failed: INSERT INTO tracker_sessions (session_id,date_start,date_end,client_ip,user_id,round_trips ) VALUES ( 'spsa8tth20joc348gn7j8bst24','2018-03-27 15:42:10','2018-03-27 15:42:10','::1','1',1): MySQL error 1062: Duplicate entry '0' for key 'PRIMARY'
03/27/18 22:42:13 [5344][1][FATAL]  Query Failed: SELECT id, NAME ,'Accounts' module_name
            FROM
            accounts 
            WHERE deleted = 0 
            AND DATEDIFF(STR_TO_DATE(DATE_FORMAT(birthdate, '2018-%m-%d'), '%Y-%m-%d'), NOW()) <7
           -- AND DATEDIFF(DATE(CONCAT(YEAR(NOW()), '-', select_month_dob, '-', select_day_dob)), DATE(NOW())) <=  7 
           -- AND DATEDIFF(DATE(CONCAT(YEAR(NOW()), '-', month_dob, '-', day_dob) ), DATE(NOW())) >0 
            AND DATEDIFF(STR_TO_DATE(DATE_FORMAT(birthdate, '2018-%m-%d'), '%Y-%m-%d'), NOW()) >=0
            AND assigned_user_id = '1'
            UNION ALL
            SELECT id, CONCAT(IFNULL(first_name,''),' ',IFNULL(last_name,'')) NAME, 'Contacts' module_name
            FROM
            contacts 
            WHERE deleted = 0 
            AND DATEDIFF(STR_TO_DATE(DATE_FORMAT(birthdate, '2018-%m-%d'), '%Y-%m-%d'), NOW()) <7 
            AND DATEDIFF(STR_TO_DATE(DATE_FORMAT(birthdate, '2018-%m-%d'), '%Y-%m-%d'), NOW()) >=0
            AND assigned_user_id = '1' : MySQL error 1054: Unknown column 'birthdate' in 'where clause'
03/27/18 22:42:14 [5344][1][FATAL]  Query Failed: INSERT INTO tracker_sessions (session_id,date_start,date_end,client_ip,user_id,round_trips ) VALUES ( 'spsa8tth20joc348gn7j8bst24','2018-03-27 15:42:11','2018-03-27 15:42:11','::1','1',1): MySQL error 1062: Duplicate entry '0' for key 'PRIMARY'
03/27/18 22:42:17 [5344][1][FATAL]  Query Failed: SELECT id, NAME ,'Accounts' module_name
            FROM
            accounts 
            WHERE deleted = 0 
            AND DATEDIFF(STR_TO_DATE(DATE_FORMAT(birthdate, '2018-%m-%d'), '%Y-%m-%d'), NOW()) <7
           -- AND DATEDIFF(DATE(CONCAT(YEAR(NOW()), '-', select_month_dob, '-', select_day_dob)), DATE(NOW())) <=  7 
           -- AND DATEDIFF(DATE(CONCAT(YEAR(NOW()), '-', month_dob, '-', day_dob) ), DATE(NOW())) >0 
            AND DATEDIFF(STR_TO_DATE(DATE_FORMAT(birthdate, '2018-%m-%d'), '%Y-%m-%d'), NOW()) >=0
            AND assigned_user_id = '1'
            UNION ALL
            SELECT id, CONCAT(IFNULL(first_name,''),' ',IFNULL(last_name,'')) NAME, 'Contacts' module_name
            FROM
            contacts 
            WHERE deleted = 0 
            AND DATEDIFF(STR_TO_DATE(DATE_FORMAT(birthdate, '2018-%m-%d'), '%Y-%m-%d'), NOW()) <7 
            AND DATEDIFF(STR_TO_DATE(DATE_FORMAT(birthdate, '2018-%m-%d'), '%Y-%m-%d'), NOW()) >=0
            AND assigned_user_id = '1' : MySQL error 1054: Unknown column 'birthdate' in 'where clause'
03/27/18 22:42:17 [5344][1][FATAL]  Query Failed: INSERT INTO tracker_sessions (session_id,date_start,date_end,client_ip,user_id,round_trips ) VALUES ( 'spsa8tth20joc348gn7j8bst24','2018-03-27 15:42:15','2018-03-27 15:42:15','::1','1',1): MySQL error 1062: Duplicate entry '0' for key 'PRIMARY'
03/27/18 22:42:27 [5344][1][FATAL]  Query Failed: SELECT id, NAME ,'Accounts' module_name
            FROM
            accounts 
            WHERE deleted = 0 
            AND DATEDIFF(STR_TO_DATE(DATE_FORMAT(birthdate, '2018-%m-%d'), '%Y-%m-%d'), NOW()) <7
           -- AND DATEDIFF(DATE(CONCAT(YEAR(NOW()), '-', select_month_dob, '-', select_day_dob)), DATE(NOW())) <=  7 
           -- AND DATEDIFF(DATE(CONCAT(YEAR(NOW()), '-', month_dob, '-', day_dob) ), DATE(NOW())) >0 
            AND DATEDIFF(STR_TO_DATE(DATE_FORMAT(birthdate, '2018-%m-%d'), '%Y-%m-%d'), NOW()) >=0
            AND assigned_user_id = '1'
            UNION ALL
            SELECT id, CONCAT(IFNULL(first_name,''),' ',IFNULL(last_name,'')) NAME, 'Contacts' module_name
            FROM
            contacts 
            WHERE deleted = 0 
            AND DATEDIFF(STR_TO_DATE(DATE_FORMAT(birthdate, '2018-%m-%d'), '%Y-%m-%d'), NOW()) <7 
            AND DATEDIFF(STR_TO_DATE(DATE_FORMAT(birthdate, '2018-%m-%d'), '%Y-%m-%d'), NOW()) >=0
            AND assigned_user_id = '1' : MySQL error 1054: Unknown column 'birthdate' in 'where clause'
03/27/18 22:42:28 [5344][1][FATAL]  Query Failed: INSERT INTO tracker_sessions (session_id,date_start,date_end,client_ip,user_id,round_trips ) VALUES ( 'spsa8tth20joc348gn7j8bst24','2018-03-27 15:42:25','2018-03-27 15:42:25','::1','1',1): MySQL error 1062: Duplicate entry '0' for key 'PRIMARY'
03/27/18 22:42:31 [5344][1][FATAL]  Query Failed: SELECT id, NAME ,'Accounts' module_name
            FROM
            accounts 
            WHERE deleted = 0 
            AND DATEDIFF(STR_TO_DATE(DATE_FORMAT(birthdate, '2018-%m-%d'), '%Y-%m-%d'), NOW()) <7
           -- AND DATEDIFF(DATE(CONCAT(YEAR(NOW()), '-', select_month_dob, '-', select_day_dob)), DATE(NOW())) <=  7 
           -- AND DATEDIFF(DATE(CONCAT(YEAR(NOW()), '-', month_dob, '-', day_dob) ), DATE(NOW())) >0 
            AND DATEDIFF(STR_TO_DATE(DATE_FORMAT(birthdate, '2018-%m-%d'), '%Y-%m-%d'), NOW()) >=0
            AND assigned_user_id = '1'
            UNION ALL
            SELECT id, CONCAT(IFNULL(first_name,''),' ',IFNULL(last_name,'')) NAME, 'Contacts' module_name
            FROM
            contacts 
            WHERE deleted = 0 
            AND DATEDIFF(STR_TO_DATE(DATE_FORMAT(birthdate, '2018-%m-%d'), '%Y-%m-%d'), NOW()) <7 
            AND DATEDIFF(STR_TO_DATE(DATE_FORMAT(birthdate, '2018-%m-%d'), '%Y-%m-%d'), NOW()) >=0
            AND assigned_user_id = '1' : MySQL error 1054: Unknown column 'birthdate' in 'where clause'
03/27/18 22:42:31 [5344][1][FATAL]  Query Failed: INSERT INTO tracker_sessions (session_id,date_start,date_end,client_ip,user_id,round_trips ) VALUES ( 'spsa8tth20joc348gn7j8bst24','2018-03-27 15:42:29','2018-03-27 15:42:29','::1','1',1): MySQL error 1062: Duplicate entry '0' for key 'PRIMARY'
03/27/18 22:42:51 [5344][1][FATAL] Unable to get server status: Elastica_Exception_Client
03/27/18 22:42:51 [5344][1][FATAL]  Query Failed: INSERT INTO tracker_sessions (session_id,date_start,date_end,client_ip,user_id,round_trips ) VALUES ( 'spsa8tth20joc348gn7j8bst24','2018-03-27 15:42:48','2018-03-27 15:42:48','::1','1',1): MySQL error 1062: Duplicate entry '0' for key 'PRIMARY'
03/27/18 22:42:57 [5344][1][FATAL]  Query Failed: INSERT INTO tracker_sessions (session_id,date_start,date_end,client_ip,user_id,round_trips ) VALUES ( 'spsa8tth20joc348gn7j8bst24','2018-03-27 15:42:55','2018-03-27 15:42:55','::1','1',1): MySQL error 1062: Duplicate entry '0' for key 'PRIMARY'
03/27/18 22:42:59 [5344][1][FATAL]  Query Failed: SELECT id, NAME ,'Accounts' module_name
            FROM
            accounts 
            WHERE deleted = 0 
            AND DATEDIFF(STR_TO_DATE(DATE_FORMAT(birthdate, '2018-%m-%d'), '%Y-%m-%d'), NOW()) <7
           -- AND DATEDIFF(DATE(CONCAT(YEAR(NOW()), '-', select_month_dob, '-', select_day_dob)), DATE(NOW())) <=  7 
           -- AND DATEDIFF(DATE(CONCAT(YEAR(NOW()), '-', month_dob, '-', day_dob) ), DATE(NOW())) >0 
            AND DATEDIFF(STR_TO_DATE(DATE_FORMAT(birthdate, '2018-%m-%d'), '%Y-%m-%d'), NOW()) >=0
            AND assigned_user_id = '1'
            UNION ALL
            SELECT id, CONCAT(IFNULL(first_name,''),' ',IFNULL(last_name,'')) NAME, 'Contacts' module_name
            FROM
            contacts 
            WHERE deleted = 0 
            AND DATEDIFF(STR_TO_DATE(DATE_FORMAT(birthdate, '2018-%m-%d'), '%Y-%m-%d'), NOW()) <7 
            AND DATEDIFF(STR_TO_DATE(DATE_FORMAT(birthdate, '2018-%m-%d'), '%Y-%m-%d'), NOW()) >=0
            AND assigned_user_id = '1' : MySQL error 1054: Unknown column 'birthdate' in 'where clause'
03/27/18 22:42:59 [5344][1][FATAL]  Query Failed: INSERT INTO tracker_sessions (session_id,date_start,date_end,client_ip,user_id,round_trips ) VALUES ( 'spsa8tth20joc348gn7j8bst24','2018-03-27 15:42:58','2018-03-27 15:42:58','::1','1',1): MySQL error 1062: Duplicate entry '0' for key 'PRIMARY'
03/27/18 22:43:43 [5344][1][FATAL]  Query Failed: SELECT id, NAME ,'Accounts' module_name
            FROM
            accounts 
            WHERE deleted = 0 
            AND DATEDIFF(STR_TO_DATE(DATE_FORMAT(birthdate, '2018-%m-%d'), '%Y-%m-%d'), NOW()) <7
           -- AND DATEDIFF(DATE(CONCAT(YEAR(NOW()), '-', select_month_dob, '-', select_day_dob)), DATE(NOW())) <=  7 
           -- AND DATEDIFF(DATE(CONCAT(YEAR(NOW()), '-', month_dob, '-', day_dob) ), DATE(NOW())) >0 
            AND DATEDIFF(STR_TO_DATE(DATE_FORMAT(birthdate, '2018-%m-%d'), '%Y-%m-%d'), NOW()) >=0
            AND assigned_user_id = '1'
            UNION ALL
            SELECT id, CONCAT(IFNULL(first_name,''),' ',IFNULL(last_name,'')) NAME, 'Contacts' module_name
            FROM
            contacts 
            WHERE deleted = 0 
            AND DATEDIFF(STR_TO_DATE(DATE_FORMAT(birthdate, '2018-%m-%d'), '%Y-%m-%d'), NOW()) <7 
            AND DATEDIFF(STR_TO_DATE(DATE_FORMAT(birthdate, '2018-%m-%d'), '%Y-%m-%d'), NOW()) >=0
            AND assigned_user_id = '1' : MySQL error 1054: Unknown column 'birthdate' in 'where clause'
03/27/18 22:43:43 [5344][1][FATAL]  Query Failed: INSERT INTO tracker_sessions (session_id,date_start,date_end,client_ip,user_id,round_trips ) VALUES ( 'spsa8tth20joc348gn7j8bst24','2018-03-27 15:43:41','2018-03-27 15:43:41','::1','1',1): MySQL error 1062: Duplicate entry '0' for key 'PRIMARY'
03/27/18 22:44:12 [5344][1][FATAL]  Query Failed: INSERT INTO tracker_sessions (session_id,date_start,date_end,client_ip,user_id,round_trips ) VALUES ( 'spsa8tth20joc348gn7j8bst24','2018-03-27 15:44:10','2018-03-27 15:44:10','::1','1',1): MySQL error 1062: Duplicate entry '0' for key 'PRIMARY'
03/27/18 22:44:12 [5344][1][FATAL]  Query Failed: INSERT INTO tracker_sessions (session_id,date_start,date_end,client_ip,user_id,round_trips ) VALUES ( 'spsa8tth20joc348gn7j8bst24','2018-03-27 15:44:10','2018-03-27 15:44:10','::1','1',1): MySQL error 1062: Duplicate entry '0' for key 'PRIMARY'
03/27/18 22:44:12 [5344][1][FATAL]  Query Failed: SELECT id, NAME ,'Accounts' module_name
            FROM
            accounts 
            WHERE deleted = 0 
            AND DATEDIFF(STR_TO_DATE(DATE_FORMAT(birthdate, '2018-%m-%d'), '%Y-%m-%d'), NOW()) <7
           -- AND DATEDIFF(DATE(CONCAT(YEAR(NOW()), '-', select_month_dob, '-', select_day_dob)), DATE(NOW())) <=  7 
           -- AND DATEDIFF(DATE(CONCAT(YEAR(NOW()), '-', month_dob, '-', day_dob) ), DATE(NOW())) >0 
            AND DATEDIFF(STR_TO_DATE(DATE_FORMAT(birthdate, '2018-%m-%d'), '%Y-%m-%d'), NOW()) >=0
            AND assigned_user_id = '1'
            UNION ALL
            SELECT id, CONCAT(IFNULL(first_name,''),' ',IFNULL(last_name,'')) NAME, 'Contacts' module_name
            FROM
            contacts 
            WHERE deleted = 0 
            AND DATEDIFF(STR_TO_DATE(DATE_FORMAT(birthdate, '2018-%m-%d'), '%Y-%m-%d'), NOW()) <7 
            AND DATEDIFF(STR_TO_DATE(DATE_FORMAT(birthdate, '2018-%m-%d'), '%Y-%m-%d'), NOW()) >=0
            AND assigned_user_id = '1' : MySQL error 1054: Unknown column 'birthdate' in 'where clause'
03/27/18 22:44:13 [5344][1][FATAL]  Query Failed: INSERT INTO tracker_sessions (session_id,date_start,date_end,client_ip,user_id,round_trips ) VALUES ( 'spsa8tth20joc348gn7j8bst24','2018-03-27 15:44:10','2018-03-27 15:44:10','::1','1',1): MySQL error 1062: Duplicate entry '0' for key 'PRIMARY'
03/27/18 22:44:14 [5344][1][FATAL]  Query Failed: INSERT INTO tracker_sessions (session_id,date_start,date_end,client_ip,user_id,round_trips ) VALUES ( 'spsa8tth20joc348gn7j8bst24','2018-03-27 15:44:12','2018-03-27 15:44:12','::1','1',1): MySQL error 1062: Duplicate entry '0' for key 'PRIMARY'
03/27/18 22:44:15 [5344][1][FATAL]  Query Failed: INSERT INTO tracker_sessions (session_id,date_start,date_end,client_ip,user_id,round_trips ) VALUES ( 'spsa8tth20joc348gn7j8bst24','2018-03-27 15:44:13','2018-03-27 15:44:13','::1','1',1): MySQL error 1062: Duplicate entry '0' for key 'PRIMARY'
03/27/18 22:44:51 [5344][1][FATAL]  Query Failed: SELECT id, NAME ,'Accounts' module_name
            FROM
            accounts 
            WHERE deleted = 0 
            AND DATEDIFF(STR_TO_DATE(DATE_FORMAT(birthdate, '2018-%m-%d'), '%Y-%m-%d'), NOW()) <7
           -- AND DATEDIFF(DATE(CONCAT(YEAR(NOW()), '-', select_month_dob, '-', select_day_dob)), DATE(NOW())) <=  7 
           -- AND DATEDIFF(DATE(CONCAT(YEAR(NOW()), '-', month_dob, '-', day_dob) ), DATE(NOW())) >0 
            AND DATEDIFF(STR_TO_DATE(DATE_FORMAT(birthdate, '2018-%m-%d'), '%Y-%m-%d'), NOW()) >=0
            AND assigned_user_id = '1'
            UNION ALL
            SELECT id, CONCAT(IFNULL(first_name,''),' ',IFNULL(last_name,'')) NAME, 'Contacts' module_name
            FROM
            contacts 
            WHERE deleted = 0 
            AND DATEDIFF(STR_TO_DATE(DATE_FORMAT(birthdate, '2018-%m-%d'), '%Y-%m-%d'), NOW()) <7 
            AND DATEDIFF(STR_TO_DATE(DATE_FORMAT(birthdate, '2018-%m-%d'), '%Y-%m-%d'), NOW()) >=0
            AND assigned_user_id = '1' : MySQL error 1054: Unknown column 'birthdate' in 'where clause'
03/27/18 22:44:53 [5344][1][FATAL]  Query Failed: INSERT INTO tracker_sessions (session_id,date_start,date_end,client_ip,user_id,round_trips ) VALUES ( 'spsa8tth20joc348gn7j8bst24','2018-03-27 15:44:50','2018-03-27 15:44:50','::1','1',1): MySQL error 1062: Duplicate entry '0' for key 'PRIMARY'
03/27/18 22:45:00 [5344][1][FATAL]  Query Failed: INSERT INTO tracker_sessions (session_id,date_start,date_end,client_ip,user_id,round_trips ) VALUES ( 'spsa8tth20joc348gn7j8bst24','2018-03-27 15:44:57','2018-03-27 15:44:57','::1','1',1): MySQL error 1062: Duplicate entry '0' for key 'PRIMARY'
03/27/18 22:45:03 [5344][1][FATAL]  Query Failed: INSERT INTO tracker_sessions (session_id,date_start,date_end,client_ip,user_id,round_trips ) VALUES ( 'spsa8tth20joc348gn7j8bst24','2018-03-27 15:45:02','2018-03-27 15:45:02','::1','1',1): MySQL error 1062: Duplicate entry '0' for key 'PRIMARY'
03/27/18 22:45:50 [5344][1][FATAL]  Query Failed: INSERT INTO tracker_sessions (session_id,date_start,date_end,client_ip,user_id,round_trips ) VALUES ( 'spsa8tth20joc348gn7j8bst24','2018-03-27 15:45:48','2018-03-27 15:45:48','::1','1',1): MySQL error 1062: Duplicate entry '0' for key 'PRIMARY'
03/27/18 22:45:50 [5344][1][FATAL]  Query Failed: INSERT INTO tracker_sessions (session_id,date_start,date_end,client_ip,user_id,round_trips ) VALUES ( 'spsa8tth20joc348gn7j8bst24','2018-03-27 15:45:48','2018-03-27 15:45:48','::1','1',1): MySQL error 1062: Duplicate entry '0' for key 'PRIMARY'
03/27/18 22:45:51 [5344][1][FATAL]  Query Failed: INSERT INTO tracker_sessions (session_id,date_start,date_end,client_ip,user_id,round_trips ) VALUES ( 'spsa8tth20joc348gn7j8bst24','2018-03-27 15:45:49','2018-03-27 15:45:49','::1','1',1): MySQL error 1062: Duplicate entry '0' for key 'PRIMARY'
03/27/18 22:45:51 [5344][1][FATAL]  Query Failed: INSERT INTO tracker_sessions (session_id,date_start,date_end,client_ip,user_id,round_trips ) VALUES ( 'spsa8tth20joc348gn7j8bst24','2018-03-27 15:45:49','2018-03-27 15:45:49','::1','1',1): MySQL error 1062: Duplicate entry '0' for key 'PRIMARY'
03/27/18 22:45:52 [5344][1][FATAL]  Query Failed: SELECT id, NAME ,'Accounts' module_name
            FROM
            accounts 
            WHERE deleted = 0 
            AND DATEDIFF(STR_TO_DATE(DATE_FORMAT(birthdate, '2018-%m-%d'), '%Y-%m-%d'), NOW()) <7
           -- AND DATEDIFF(DATE(CONCAT(YEAR(NOW()), '-', select_month_dob, '-', select_day_dob)), DATE(NOW())) <=  7 
           -- AND DATEDIFF(DATE(CONCAT(YEAR(NOW()), '-', month_dob, '-', day_dob) ), DATE(NOW())) >0 
            AND DATEDIFF(STR_TO_DATE(DATE_FORMAT(birthdate, '2018-%m-%d'), '%Y-%m-%d'), NOW()) >=0
            AND assigned_user_id = '1'
            UNION ALL
            SELECT id, CONCAT(IFNULL(first_name,''),' ',IFNULL(last_name,'')) NAME, 'Contacts' module_name
            FROM
            contacts 
            WHERE deleted = 0 
            AND DATEDIFF(STR_TO_DATE(DATE_FORMAT(birthdate, '2018-%m-%d'), '%Y-%m-%d'), NOW()) <7 
            AND DATEDIFF(STR_TO_DATE(DATE_FORMAT(birthdate, '2018-%m-%d'), '%Y-%m-%d'), NOW()) >=0
            AND assigned_user_id = '1' : MySQL error 1054: Unknown column 'birthdate' in 'where clause'
03/27/18 22:46:42 [5344][1][FATAL]  Query Failed: SELECT id, NAME ,'Accounts' module_name
            FROM
            accounts 
            WHERE deleted = 0 
            AND DATEDIFF(STR_TO_DATE(DATE_FORMAT(birthdate, '2018-%m-%d'), '%Y-%m-%d'), NOW()) <7
           -- AND DATEDIFF(DATE(CONCAT(YEAR(NOW()), '-', select_month_dob, '-', select_day_dob)), DATE(NOW())) <=  7 
           -- AND DATEDIFF(DATE(CONCAT(YEAR(NOW()), '-', month_dob, '-', day_dob) ), DATE(NOW())) >0 
            AND DATEDIFF(STR_TO_DATE(DATE_FORMAT(birthdate, '2018-%m-%d'), '%Y-%m-%d'), NOW()) >=0
            AND assigned_user_id = '1'
            UNION ALL
            SELECT id, CONCAT(IFNULL(first_name,''),' ',IFNULL(last_name,'')) NAME, 'Contacts' module_name
            FROM
            contacts 
            WHERE deleted = 0 
            AND DATEDIFF(STR_TO_DATE(DATE_FORMAT(birthdate, '2018-%m-%d'), '%Y-%m-%d'), NOW()) <7 
            AND DATEDIFF(STR_TO_DATE(DATE_FORMAT(birthdate, '2018-%m-%d'), '%Y-%m-%d'), NOW()) >=0
            AND assigned_user_id = '1' : MySQL error 1054: Unknown column 'birthdate' in 'where clause'
03/27/18 22:46:43 [5344][1][FATAL]  Query Failed: INSERT INTO tracker_sessions (session_id,date_start,date_end,client_ip,user_id,round_trips ) VALUES ( 'spsa8tth20joc348gn7j8bst24','2018-03-27 15:46:41','2018-03-27 15:46:41','::1','1',1): MySQL error 1062: Duplicate entry '0' for key 'PRIMARY'
03/27/18 22:46:44 [5344][1][FATAL]  Query Failed: INSERT INTO tracker_sessions (session_id,date_start,date_end,client_ip,user_id,round_trips ) VALUES ( 'spsa8tth20joc348gn7j8bst24','2018-03-27 15:46:43','2018-03-27 15:46:43','::1','1',1): MySQL error 1062: Duplicate entry '0' for key 'PRIMARY'
03/27/18 22:46:47 [5344][1][FATAL]  Query Failed: INSERT INTO tracker_sessions (session_id,date_start,date_end,client_ip,user_id,round_trips ) VALUES ( 'spsa8tth20joc348gn7j8bst24','2018-03-27 15:46:45','2018-03-27 15:46:45','::1','1',1): MySQL error 1062: Duplicate entry '0' for key 'PRIMARY'
03/27/18 22:47:28 [5344][1][FATAL]  Query Failed: INSERT INTO tracker_sessions (session_id,date_start,date_end,client_ip,user_id,round_trips ) VALUES ( 'spsa8tth20joc348gn7j8bst24','2018-03-27 15:47:26','2018-03-27 15:47:26','::1','1',1): MySQL error 1062: Duplicate entry '0' for key 'PRIMARY'
03/27/18 22:47:29 [5344][1][FATAL]  Query Failed: SELECT id, NAME ,'Accounts' module_name
            FROM
            accounts 
            WHERE deleted = 0 
            AND DATEDIFF(STR_TO_DATE(DATE_FORMAT(birthdate, '2018-%m-%d'), '%Y-%m-%d'), NOW()) <7
           -- AND DATEDIFF(DATE(CONCAT(YEAR(NOW()), '-', select_month_dob, '-', select_day_dob)), DATE(NOW())) <=  7 
           -- AND DATEDIFF(DATE(CONCAT(YEAR(NOW()), '-', month_dob, '-', day_dob) ), DATE(NOW())) >0 
            AND DATEDIFF(STR_TO_DATE(DATE_FORMAT(birthdate, '2018-%m-%d'), '%Y-%m-%d'), NOW()) >=0
            AND assigned_user_id = '1'
            UNION ALL
            SELECT id, CONCAT(IFNULL(first_name,''),' ',IFNULL(last_name,'')) NAME, 'Contacts' module_name
            FROM
            contacts 
            WHERE deleted = 0 
            AND DATEDIFF(STR_TO_DATE(DATE_FORMAT(birthdate, '2018-%m-%d'), '%Y-%m-%d'), NOW()) <7 
            AND DATEDIFF(STR_TO_DATE(DATE_FORMAT(birthdate, '2018-%m-%d'), '%Y-%m-%d'), NOW()) >=0
            AND assigned_user_id = '1' : MySQL error 1054: Unknown column 'birthdate' in 'where clause'
03/27/18 22:47:29 [5344][1][FATAL]  Query Failed: INSERT INTO tracker_sessions (session_id,date_start,date_end,client_ip,user_id,round_trips ) VALUES ( 'spsa8tth20joc348gn7j8bst24','2018-03-27 15:47:27','2018-03-27 15:47:27','::1','1',1): MySQL error 1062: Duplicate entry '0' for key 'PRIMARY'
03/27/18 22:47:32 [5344][1][FATAL]  Query Failed: INSERT INTO tracker_sessions (session_id,date_start,date_end,client_ip,user_id,round_trips ) VALUES ( 'spsa8tth20joc348gn7j8bst24','2018-03-27 15:47:31','2018-03-27 15:47:31','::1','1',1): MySQL error 1062: Duplicate entry '0' for key 'PRIMARY'
03/27/18 22:48:08 [5344][1][FATAL]  Query Failed: SELECT id, NAME ,'Accounts' module_name
            FROM
            accounts 
            WHERE deleted = 0 
            AND DATEDIFF(STR_TO_DATE(DATE_FORMAT(birthdate, '2018-%m-%d'), '%Y-%m-%d'), NOW()) <7
           -- AND DATEDIFF(DATE(CONCAT(YEAR(NOW()), '-', select_month_dob, '-', select_day_dob)), DATE(NOW())) <=  7 
           -- AND DATEDIFF(DATE(CONCAT(YEAR(NOW()), '-', month_dob, '-', day_dob) ), DATE(NOW())) >0 
            AND DATEDIFF(STR_TO_DATE(DATE_FORMAT(birthdate, '2018-%m-%d'), '%Y-%m-%d'), NOW()) >=0
            AND assigned_user_id = '1'
            UNION ALL
            SELECT id, CONCAT(IFNULL(first_name,''),' ',IFNULL(last_name,'')) NAME, 'Contacts' module_name
            FROM
            contacts 
            WHERE deleted = 0 
            AND DATEDIFF(STR_TO_DATE(DATE_FORMAT(birthdate, '2018-%m-%d'), '%Y-%m-%d'), NOW()) <7 
            AND DATEDIFF(STR_TO_DATE(DATE_FORMAT(birthdate, '2018-%m-%d'), '%Y-%m-%d'), NOW()) >=0
            AND assigned_user_id = '1' : MySQL error 1054: Unknown column 'birthdate' in 'where clause'
03/27/18 22:48:34 [5344][1][FATAL]  Query Failed: INSERT INTO tracker_sessions (session_id,date_start,date_end,client_ip,user_id,round_trips ) VALUES ( 'spsa8tth20joc348gn7j8bst24','2018-03-27 15:48:07','2018-03-27 15:48:07','::1','1',1): MySQL error 1062: Duplicate entry '0' for key 'PRIMARY'
03/27/18 22:48:34 [5344][1][FATAL]  Query Failed: SELECT id, NAME ,'Accounts' module_name
            FROM
            accounts 
            WHERE deleted = 0 
            AND DATEDIFF(STR_TO_DATE(DATE_FORMAT(birthdate, '2018-%m-%d'), '%Y-%m-%d'), NOW()) <7
           -- AND DATEDIFF(DATE(CONCAT(YEAR(NOW()), '-', select_month_dob, '-', select_day_dob)), DATE(NOW())) <=  7 
           -- AND DATEDIFF(DATE(CONCAT(YEAR(NOW()), '-', month_dob, '-', day_dob) ), DATE(NOW())) >0 
            AND DATEDIFF(STR_TO_DATE(DATE_FORMAT(birthdate, '2018-%m-%d'), '%Y-%m-%d'), NOW()) >=0
            AND assigned_user_id = '1'
            UNION ALL
            SELECT id, CONCAT(IFNULL(first_name,''),' ',IFNULL(last_name,'')) NAME, 'Contacts' module_name
            FROM
            contacts 
            WHERE deleted = 0 
            AND DATEDIFF(STR_TO_DATE(DATE_FORMAT(birthdate, '2018-%m-%d'), '%Y-%m-%d'), NOW()) <7 
            AND DATEDIFF(STR_TO_DATE(DATE_FORMAT(birthdate, '2018-%m-%d'), '%Y-%m-%d'), NOW()) >=0
            AND assigned_user_id = '1' : MySQL error 1054: Unknown column 'birthdate' in 'where clause'
03/27/18 22:48:35 [5344][1][FATAL]  Query Failed: INSERT INTO tracker_sessions (session_id,date_start,date_end,client_ip,user_id,round_trips ) VALUES ( 'spsa8tth20joc348gn7j8bst24','2018-03-27 15:48:09','2018-03-27 15:48:09','::1','1',1): MySQL error 1062: Duplicate entry '0' for key 'PRIMARY'
03/27/18 22:48:36 [5344][1][FATAL]  Query Failed: SELECT id, NAME ,'Accounts' module_name
            FROM
            accounts 
            WHERE deleted = 0 
            AND DATEDIFF(STR_TO_DATE(DATE_FORMAT(birthdate, '2018-%m-%d'), '%Y-%m-%d'), NOW()) <7
           -- AND DATEDIFF(DATE(CONCAT(YEAR(NOW()), '-', select_month_dob, '-', select_day_dob)), DATE(NOW())) <=  7 
           -- AND DATEDIFF(DATE(CONCAT(YEAR(NOW()), '-', month_dob, '-', day_dob) ), DATE(NOW())) >0 
            AND DATEDIFF(STR_TO_DATE(DATE_FORMAT(birthdate, '2018-%m-%d'), '%Y-%m-%d'), NOW()) >=0
            AND assigned_user_id = '1'
            UNION ALL
            SELECT id, CONCAT(IFNULL(first_name,''),' ',IFNULL(last_name,'')) NAME, 'Contacts' module_name
            FROM
            contacts 
            WHERE deleted = 0 
            AND DATEDIFF(STR_TO_DATE(DATE_FORMAT(birthdate, '2018-%m-%d'), '%Y-%m-%d'), NOW()) <7 
            AND DATEDIFF(STR_TO_DATE(DATE_FORMAT(birthdate, '2018-%m-%d'), '%Y-%m-%d'), NOW()) >=0
            AND assigned_user_id = '1' : MySQL error 1054: Unknown column 'birthdate' in 'where clause'
03/27/18 22:48:36 [5344][1][FATAL]  Query Failed: INSERT INTO tracker_sessions (session_id,date_start,date_end,client_ip,user_id,round_trips ) VALUES ( 'spsa8tth20joc348gn7j8bst24','2018-03-27 15:48:33','2018-03-27 15:48:33','::1','1',1): MySQL error 1062: Duplicate entry '0' for key 'PRIMARY'
03/27/18 22:48:40 [5344][1][FATAL]  Query Failed: INSERT INTO tracker_sessions (session_id,date_start,date_end,client_ip,user_id,round_trips ) VALUES ( 'spsa8tth20joc348gn7j8bst24','2018-03-27 15:48:38','2018-03-27 15:48:38','::1','1',1): MySQL error 1062: Duplicate entry '0' for key 'PRIMARY'
03/27/18 22:49:08 [5344][1][FATAL]  Query Failed: SELECT id, NAME ,'Accounts' module_name
            FROM
            accounts 
            WHERE deleted = 0 
            AND DATEDIFF(STR_TO_DATE(DATE_FORMAT(birthdate, '2018-%m-%d'), '%Y-%m-%d'), NOW()) <7
           -- AND DATEDIFF(DATE(CONCAT(YEAR(NOW()), '-', select_month_dob, '-', select_day_dob)), DATE(NOW())) <=  7 
           -- AND DATEDIFF(DATE(CONCAT(YEAR(NOW()), '-', month_dob, '-', day_dob) ), DATE(NOW())) >0 
            AND DATEDIFF(STR_TO_DATE(DATE_FORMAT(birthdate, '2018-%m-%d'), '%Y-%m-%d'), NOW()) >=0
            AND assigned_user_id = '1'
            UNION ALL
            SELECT id, CONCAT(IFNULL(first_name,''),' ',IFNULL(last_name,'')) NAME, 'Contacts' module_name
            FROM
            contacts 
            WHERE deleted = 0 
            AND DATEDIFF(STR_TO_DATE(DATE_FORMAT(birthdate, '2018-%m-%d'), '%Y-%m-%d'), NOW()) <7 
            AND DATEDIFF(STR_TO_DATE(DATE_FORMAT(birthdate, '2018-%m-%d'), '%Y-%m-%d'), NOW()) >=0
            AND assigned_user_id = '1' : MySQL error 1054: Unknown column 'birthdate' in 'where clause'
03/27/18 22:49:08 [5344][1][FATAL]  Query Failed: INSERT INTO tracker_sessions (session_id,date_start,date_end,client_ip,user_id,round_trips ) VALUES ( 'spsa8tth20joc348gn7j8bst24','2018-03-27 15:49:07','2018-03-27 15:49:07','::1','1',1): MySQL error 1062: Duplicate entry '0' for key 'PRIMARY'
03/27/18 22:49:30 [5344][1][FATAL]  Query Failed: SELECT id, NAME ,'Accounts' module_name
            FROM
            accounts 
            WHERE deleted = 0 
            AND DATEDIFF(STR_TO_DATE(DATE_FORMAT(birthdate, '2018-%m-%d'), '%Y-%m-%d'), NOW()) <7
           -- AND DATEDIFF(DATE(CONCAT(YEAR(NOW()), '-', select_month_dob, '-', select_day_dob)), DATE(NOW())) <=  7 
           -- AND DATEDIFF(DATE(CONCAT(YEAR(NOW()), '-', month_dob, '-', day_dob) ), DATE(NOW())) >0 
            AND DATEDIFF(STR_TO_DATE(DATE_FORMAT(birthdate, '2018-%m-%d'), '%Y-%m-%d'), NOW()) >=0
            AND assigned_user_id = '1'
            UNION ALL
            SELECT id, CONCAT(IFNULL(first_name,''),' ',IFNULL(last_name,'')) NAME, 'Contacts' module_name
            FROM
            contacts 
            WHERE deleted = 0 
            AND DATEDIFF(STR_TO_DATE(DATE_FORMAT(birthdate, '2018-%m-%d'), '%Y-%m-%d'), NOW()) <7 
            AND DATEDIFF(STR_TO_DATE(DATE_FORMAT(birthdate, '2018-%m-%d'), '%Y-%m-%d'), NOW()) >=0
            AND assigned_user_id = '1' : MySQL error 1054: Unknown column 'birthdate' in 'where clause'
03/27/18 22:49:56 [5344][1][FATAL]  Query Failed: INSERT INTO tracker_sessions (session_id,date_start,date_end,client_ip,user_id,round_trips ) VALUES ( 'spsa8tth20joc348gn7j8bst24','2018-03-27 15:49:28','2018-03-27 15:49:28','::1','1',1): MySQL error 1062: Duplicate entry '0' for key 'PRIMARY'
03/27/18 22:49:57 [5344][1][FATAL]  Query Failed: SELECT id, NAME ,'Accounts' module_name
            FROM
            accounts 
            WHERE deleted = 0 
            AND DATEDIFF(STR_TO_DATE(DATE_FORMAT(birthdate, '2018-%m-%d'), '%Y-%m-%d'), NOW()) <7
           -- AND DATEDIFF(DATE(CONCAT(YEAR(NOW()), '-', select_month_dob, '-', select_day_dob)), DATE(NOW())) <=  7 
           -- AND DATEDIFF(DATE(CONCAT(YEAR(NOW()), '-', month_dob, '-', day_dob) ), DATE(NOW())) >0 
            AND DATEDIFF(STR_TO_DATE(DATE_FORMAT(birthdate, '2018-%m-%d'), '%Y-%m-%d'), NOW()) >=0
            AND assigned_user_id = '1'
            UNION ALL
            SELECT id, CONCAT(IFNULL(first_name,''),' ',IFNULL(last_name,'')) NAME, 'Contacts' module_name
            FROM
            contacts 
            WHERE deleted = 0 
            AND DATEDIFF(STR_TO_DATE(DATE_FORMAT(birthdate, '2018-%m-%d'), '%Y-%m-%d'), NOW()) <7 
            AND DATEDIFF(STR_TO_DATE(DATE_FORMAT(birthdate, '2018-%m-%d'), '%Y-%m-%d'), NOW()) >=0
            AND assigned_user_id = '1' : MySQL error 1054: Unknown column 'birthdate' in 'where clause'
03/27/18 22:49:58 [5344][1][FATAL]  Query Failed: INSERT INTO tracker_sessions (session_id,date_start,date_end,client_ip,user_id,round_trips ) VALUES ( 'spsa8tth20joc348gn7j8bst24','2018-03-27 15:49:29','2018-03-27 15:49:29','::1','1',1): MySQL error 1062: Duplicate entry '0' for key 'PRIMARY'
03/27/18 22:49:58 [5344][1][FATAL]  Query Failed: INSERT INTO tracker_sessions (session_id,date_start,date_end,client_ip,user_id,round_trips ) VALUES ( 'spsa8tth20joc348gn7j8bst24','2018-03-27 15:49:33','2018-03-27 15:49:33','::1','1',1): MySQL error 1062: Duplicate entry '0' for key 'PRIMARY'
03/27/18 22:49:58 [5344][1][FATAL]  Query Failed: INSERT INTO tracker_sessions (session_id,date_start,date_end,client_ip,user_id,round_trips ) VALUES ( 'spsa8tth20joc348gn7j8bst24','2018-03-27 15:49:33','2018-03-27 15:49:33','::1','1',1): MySQL error 1062: Duplicate entry '0' for key 'PRIMARY'
03/27/18 22:49:59 [5344][1][FATAL]  Query Failed: SELECT id, NAME ,'Accounts' module_name
            FROM
            accounts 
            WHERE deleted = 0 
            AND DATEDIFF(STR_TO_DATE(DATE_FORMAT(birthdate, '2018-%m-%d'), '%Y-%m-%d'), NOW()) <7
           -- AND DATEDIFF(DATE(CONCAT(YEAR(NOW()), '-', select_month_dob, '-', select_day_dob)), DATE(NOW())) <=  7 
           -- AND DATEDIFF(DATE(CONCAT(YEAR(NOW()), '-', month_dob, '-', day_dob) ), DATE(NOW())) >0 
            AND DATEDIFF(STR_TO_DATE(DATE_FORMAT(birthdate, '2018-%m-%d'), '%Y-%m-%d'), NOW()) >=0
            AND assigned_user_id = '1'
            UNION ALL
            SELECT id, CONCAT(IFNULL(first_name,''),' ',IFNULL(last_name,'')) NAME, 'Contacts' module_name
            FROM
            contacts 
            WHERE deleted = 0 
            AND DATEDIFF(STR_TO_DATE(DATE_FORMAT(birthdate, '2018-%m-%d'), '%Y-%m-%d'), NOW()) <7 
            AND DATEDIFF(STR_TO_DATE(DATE_FORMAT(birthdate, '2018-%m-%d'), '%Y-%m-%d'), NOW()) >=0
            AND assigned_user_id = '1' : MySQL error 1054: Unknown column 'birthdate' in 'where clause'
03/27/18 22:49:59 [5344][1][FATAL]  Query Failed: INSERT INTO tracker_sessions (session_id,date_start,date_end,client_ip,user_id,round_trips ) VALUES ( 'spsa8tth20joc348gn7j8bst24','2018-03-27 15:49:51','2018-03-27 15:49:51','::1','1',1): MySQL error 1062: Duplicate entry '0' for key 'PRIMARY'
03/27/18 22:50:03 [5344][1][FATAL]  Query Failed: INSERT INTO tracker_sessions (session_id,date_start,date_end,client_ip,user_id,round_trips ) VALUES ( 'spsa8tth20joc348gn7j8bst24','2018-03-27 15:50:01','2018-03-27 15:50:01','::1','1',1): MySQL error 1062: Duplicate entry '0' for key 'PRIMARY'
03/27/18 22:50:40 [5344][1][FATAL]  Query Failed: INSERT INTO tracker_sessions (session_id,date_start,date_end,client_ip,user_id,round_trips ) VALUES ( 'spsa8tth20joc348gn7j8bst24','2018-03-27 15:50:38','2018-03-27 15:50:38','::1','1',1): MySQL error 1062: Duplicate entry '0' for key 'PRIMARY'
03/27/18 22:50:54 [5344][1][FATAL]  Query Failed: INSERT INTO tracker_sessions (session_id,date_start,date_end,client_ip,user_id,round_trips ) VALUES ( 'spsa8tth20joc348gn7j8bst24','2018-03-27 15:50:52','2018-03-27 15:50:52','::1','1',1): MySQL error 1062: Duplicate entry '0' for key 'PRIMARY'
03/27/18 22:51:32 [5344][1][FATAL]  Query Failed: SELECT id, NAME ,'Accounts' module_name
            FROM
            accounts 
            WHERE deleted = 0 
            AND DATEDIFF(STR_TO_DATE(DATE_FORMAT(birthdate, '2018-%m-%d'), '%Y-%m-%d'), NOW()) <7
           -- AND DATEDIFF(DATE(CONCAT(YEAR(NOW()), '-', select_month_dob, '-', select_day_dob)), DATE(NOW())) <=  7 
           -- AND DATEDIFF(DATE(CONCAT(YEAR(NOW()), '-', month_dob, '-', day_dob) ), DATE(NOW())) >0 
            AND DATEDIFF(STR_TO_DATE(DATE_FORMAT(birthdate, '2018-%m-%d'), '%Y-%m-%d'), NOW()) >=0
            AND assigned_user_id = '1'
            UNION ALL
            SELECT id, CONCAT(IFNULL(first_name,''),' ',IFNULL(last_name,'')) NAME, 'Contacts' module_name
            FROM
            contacts 
            WHERE deleted = 0 
            AND DATEDIFF(STR_TO_DATE(DATE_FORMAT(birthdate, '2018-%m-%d'), '%Y-%m-%d'), NOW()) <7 
            AND DATEDIFF(STR_TO_DATE(DATE_FORMAT(birthdate, '2018-%m-%d'), '%Y-%m-%d'), NOW()) >=0
            AND assigned_user_id = '1' : MySQL error 1054: Unknown column 'birthdate' in 'where clause'
03/27/18 22:51:33 [5344][1][FATAL]  Query Failed: INSERT INTO tracker_sessions (session_id,date_start,date_end,client_ip,user_id,round_trips ) VALUES ( 'spsa8tth20joc348gn7j8bst24','2018-03-27 15:51:31','2018-03-27 15:51:31','::1','1',1): MySQL error 1062: Duplicate entry '0' for key 'PRIMARY'
03/27/18 22:51:36 [5344][1][FATAL]  Query Failed: INSERT INTO tracker_sessions (session_id,date_start,date_end,client_ip,user_id,round_trips ) VALUES ( 'spsa8tth20joc348gn7j8bst24','2018-03-27 15:51:34','2018-03-27 15:51:34','::1','1',1): MySQL error 1062: Duplicate entry '0' for key 'PRIMARY'
03/27/18 22:51:48 [5344][1][FATAL]  Query Failed: INSERT INTO tracker_sessions (session_id,date_start,date_end,client_ip,user_id,round_trips ) VALUES ( 'spsa8tth20joc348gn7j8bst24','2018-03-27 15:51:46','2018-03-27 15:51:46','::1','1',1): MySQL error 1062: Duplicate entry '0' for key 'PRIMARY'
03/27/18 22:51:57 [5344][1][FATAL]  Query Failed: INSERT INTO tracker_sessions (session_id,date_start,date_end,client_ip,user_id,round_trips ) VALUES ( 'spsa8tth20joc348gn7j8bst24','2018-03-27 15:51:55','2018-03-27 15:51:55','::1','1',1): MySQL error 1062: Duplicate entry '0' for key 'PRIMARY'
03/27/18 22:52:39 [5344][1][FATAL]  Query Failed: INSERT INTO tracker_sessions (session_id,date_start,date_end,client_ip,user_id,round_trips ) VALUES ( 'spsa8tth20joc348gn7j8bst24','2018-03-27 15:52:38','2018-03-27 15:52:38','::1','1',1): MySQL error 1062: Duplicate entry '0' for key 'PRIMARY'
03/27/18 22:53:14 [5344][1][FATAL]  Query Failed: INSERT INTO tracker_sessions (session_id,date_start,date_end,client_ip,user_id,round_trips ) VALUES ( 'spsa8tth20joc348gn7j8bst24','2018-03-27 15:53:13','2018-03-27 15:53:13','::1','1',1): MySQL error 1062: Duplicate entry '0' for key 'PRIMARY'
03/27/18 22:53:14 [5344][1][FATAL]  Query Failed: INSERT INTO tracker (monitor_id,user_id,module_name,item_id,item_summary,team_id,date_modified,action,session_id,visible ) VALUES ( '82aec8a5-0658-2d8f-a724-5aba687d9bb2','1','Contacts','ca0ec006-3d0d-f552-d1d2-5aba6875bf86','Giáo xứ hà nội','81489b81-fbb1-2862-4109-52f3a7820594','2018-03-27 15:53:13','save','spsa8tth20joc348gn7j8bst24','1'): MySQL error 1062: Duplicate entry '0' for key 'PRIMARY'
03/27/18 22:53:16 [5344][1][FATAL]  Query Failed: INSERT INTO tracker (monitor_id,user_id,module_name,item_id,item_summary,team_id,date_modified,action,session_id,visible ) VALUES ( '806af179-d0c9-8cde-9b6c-5aba680bae97','1','Contacts','ca0ec006-3d0d-f552-d1d2-5aba6875bf86','Giáo xứ hà nội','81489b81-fbb1-2862-4109-52f3a7820594','2018-03-27 15:53:15','detailview','spsa8tth20joc348gn7j8bst24','1'): MySQL error 1062: Duplicate entry '0' for key 'PRIMARY'
03/27/18 22:53:16 [5344][1][FATAL]  Query Failed: SELECT id, NAME ,'Accounts' module_name
            FROM
            accounts 
            WHERE deleted = 0 
            AND DATEDIFF(STR_TO_DATE(DATE_FORMAT(birthdate, '2018-%m-%d'), '%Y-%m-%d'), NOW()) <7
           -- AND DATEDIFF(DATE(CONCAT(YEAR(NOW()), '-', select_month_dob, '-', select_day_dob)), DATE(NOW())) <=  7 
           -- AND DATEDIFF(DATE(CONCAT(YEAR(NOW()), '-', month_dob, '-', day_dob) ), DATE(NOW())) >0 
            AND DATEDIFF(STR_TO_DATE(DATE_FORMAT(birthdate, '2018-%m-%d'), '%Y-%m-%d'), NOW()) >=0
            AND assigned_user_id = '1'
            UNION ALL
            SELECT id, CONCAT(IFNULL(first_name,''),' ',IFNULL(last_name,'')) NAME, 'Contacts' module_name
            FROM
            contacts 
            WHERE deleted = 0 
            AND DATEDIFF(STR_TO_DATE(DATE_FORMAT(birthdate, '2018-%m-%d'), '%Y-%m-%d'), NOW()) <7 
            AND DATEDIFF(STR_TO_DATE(DATE_FORMAT(birthdate, '2018-%m-%d'), '%Y-%m-%d'), NOW()) >=0
            AND assigned_user_id = '1' : MySQL error 1054: Unknown column 'birthdate' in 'where clause'
03/27/18 22:53:17 [5344][1][FATAL]  Query Failed: INSERT INTO tracker_sessions (session_id,date_start,date_end,client_ip,user_id,round_trips ) VALUES ( 'spsa8tth20joc348gn7j8bst24','2018-03-27 15:53:15','2018-03-27 15:53:15','::1','1',1): MySQL error 1062: Duplicate entry '0' for key 'PRIMARY'
03/27/18 22:53:19 [5344][1][FATAL]  Query Failed: SELECT id, NAME ,'Accounts' module_name
            FROM
            accounts 
            WHERE deleted = 0 
            AND DATEDIFF(STR_TO_DATE(DATE_FORMAT(birthdate, '2018-%m-%d'), '%Y-%m-%d'), NOW()) <7
           -- AND DATEDIFF(DATE(CONCAT(YEAR(NOW()), '-', select_month_dob, '-', select_day_dob)), DATE(NOW())) <=  7 
           -- AND DATEDIFF(DATE(CONCAT(YEAR(NOW()), '-', month_dob, '-', day_dob) ), DATE(NOW())) >0 
            AND DATEDIFF(STR_TO_DATE(DATE_FORMAT(birthdate, '2018-%m-%d'), '%Y-%m-%d'), NOW()) >=0
            AND assigned_user_id = '1'
            UNION ALL
            SELECT id, CONCAT(IFNULL(first_name,''),' ',IFNULL(last_name,'')) NAME, 'Contacts' module_name
            FROM
            contacts 
            WHERE deleted = 0 
            AND DATEDIFF(STR_TO_DATE(DATE_FORMAT(birthdate, '2018-%m-%d'), '%Y-%m-%d'), NOW()) <7 
            AND DATEDIFF(STR_TO_DATE(DATE_FORMAT(birthdate, '2018-%m-%d'), '%Y-%m-%d'), NOW()) >=0
            AND assigned_user_id = '1' : MySQL error 1054: Unknown column 'birthdate' in 'where clause'
03/27/18 22:53:20 [5344][1][FATAL]  Query Failed: INSERT INTO tracker_sessions (session_id,date_start,date_end,client_ip,user_id,round_trips ) VALUES ( 'spsa8tth20joc348gn7j8bst24','2018-03-27 15:53:18','2018-03-27 15:53:18','::1','1',1): MySQL error 1062: Duplicate entry '0' for key 'PRIMARY'
03/27/18 22:53:39 [5344][1][FATAL]  Query Failed: INSERT INTO tracker (monitor_id,user_id,module_name,item_id,item_summary,team_id,date_modified,action,session_id,visible ) VALUES ( '6147fef1-15af-ad2e-a01b-5aba69175232','1','Contacts','ca0ec006-3d0d-f552-d1d2-5aba6875bf86','Giáo xứ hà nội','81489b81-fbb1-2862-4109-52f3a7820594','2018-03-27 15:53:38','detailview','spsa8tth20joc348gn7j8bst24','1'): MySQL error 1062: Duplicate entry '0' for key 'PRIMARY'
03/27/18 22:53:39 [5344][1][FATAL]  Query Failed: SELECT id, NAME ,'Accounts' module_name
            FROM
            accounts 
            WHERE deleted = 0 
            AND DATEDIFF(STR_TO_DATE(DATE_FORMAT(birthdate, '2018-%m-%d'), '%Y-%m-%d'), NOW()) <7
           -- AND DATEDIFF(DATE(CONCAT(YEAR(NOW()), '-', select_month_dob, '-', select_day_dob)), DATE(NOW())) <=  7 
           -- AND DATEDIFF(DATE(CONCAT(YEAR(NOW()), '-', month_dob, '-', day_dob) ), DATE(NOW())) >0 
            AND DATEDIFF(STR_TO_DATE(DATE_FORMAT(birthdate, '2018-%m-%d'), '%Y-%m-%d'), NOW()) >=0
            AND assigned_user_id = '1'
            UNION ALL
            SELECT id, CONCAT(IFNULL(first_name,''),' ',IFNULL(last_name,'')) NAME, 'Contacts' module_name
            FROM
            contacts 
            WHERE deleted = 0 
            AND DATEDIFF(STR_TO_DATE(DATE_FORMAT(birthdate, '2018-%m-%d'), '%Y-%m-%d'), NOW()) <7 
            AND DATEDIFF(STR_TO_DATE(DATE_FORMAT(birthdate, '2018-%m-%d'), '%Y-%m-%d'), NOW()) >=0
            AND assigned_user_id = '1' : MySQL error 1054: Unknown column 'birthdate' in 'where clause'
03/27/18 22:53:40 [5344][1][FATAL]  Query Failed: INSERT INTO tracker_sessions (session_id,date_start,date_end,client_ip,user_id,round_trips ) VALUES ( 'spsa8tth20joc348gn7j8bst24','2018-03-27 15:53:38','2018-03-27 15:53:38','::1','1',1): MySQL error 1062: Duplicate entry '0' for key 'PRIMARY'
03/27/18 22:53:57 [5344][1][FATAL]  Query Failed: INSERT INTO tracker (monitor_id,user_id,module_name,item_id,item_summary,team_id,date_modified,action,session_id,visible ) VALUES ( '369e9fc0-1735-3dfc-c8ff-5aba69166145','1','Contacts','ca0ec006-3d0d-f552-d1d2-5aba6875bf86','Giáo xứ hà nội','81489b81-fbb1-2862-4109-52f3a7820594','2018-03-27 15:53:56','detailview','spsa8tth20joc348gn7j8bst24','1'): MySQL error 1062: Duplicate entry '0' for key 'PRIMARY'
03/27/18 22:53:57 [5344][1][FATAL]  Query Failed: SELECT id, NAME ,'Accounts' module_name
            FROM
            accounts 
            WHERE deleted = 0 
            AND DATEDIFF(STR_TO_DATE(DATE_FORMAT(birthdate, '2018-%m-%d'), '%Y-%m-%d'), NOW()) <7
           -- AND DATEDIFF(DATE(CONCAT(YEAR(NOW()), '-', select_month_dob, '-', select_day_dob)), DATE(NOW())) <=  7 
           -- AND DATEDIFF(DATE(CONCAT(YEAR(NOW()), '-', month_dob, '-', day_dob) ), DATE(NOW())) >0 
            AND DATEDIFF(STR_TO_DATE(DATE_FORMAT(birthdate, '2018-%m-%d'), '%Y-%m-%d'), NOW()) >=0
            AND assigned_user_id = '1'
            UNION ALL
            SELECT id, CONCAT(IFNULL(first_name,''),' ',IFNULL(last_name,'')) NAME, 'Contacts' module_name
            FROM
            contacts 
            WHERE deleted = 0 
            AND DATEDIFF(STR_TO_DATE(DATE_FORMAT(birthdate, '2018-%m-%d'), '%Y-%m-%d'), NOW()) <7 
            AND DATEDIFF(STR_TO_DATE(DATE_FORMAT(birthdate, '2018-%m-%d'), '%Y-%m-%d'), NOW()) >=0
            AND assigned_user_id = '1' : MySQL error 1054: Unknown column 'birthdate' in 'where clause'
03/27/18 22:53:58 [5344][1][FATAL]  Query Failed: INSERT INTO tracker_sessions (session_id,date_start,date_end,client_ip,user_id,round_trips ) VALUES ( 'spsa8tth20joc348gn7j8bst24','2018-03-27 15:53:56','2018-03-27 15:53:56','::1','1',1): MySQL error 1062: Duplicate entry '0' for key 'PRIMARY'
03/27/18 22:54:10 [5344][1][FATAL]  Query Failed: INSERT INTO tracker (monitor_id,user_id,module_name,item_id,item_summary,team_id,date_modified,action,session_id,visible ) VALUES ( '539ee981-a1cd-2d54-0623-5aba69b3510a','1','Contacts','ca0ec006-3d0d-f552-d1d2-5aba6875bf86','Giáo xứ hà nội','81489b81-fbb1-2862-4109-52f3a7820594','2018-03-27 15:54:09','detailview','spsa8tth20joc348gn7j8bst24','1'): MySQL error 1062: Duplicate entry '0' for key 'PRIMARY'
03/27/18 22:54:10 [5344][1][FATAL]  Query Failed: SELECT id, NAME ,'Accounts' module_name
            FROM
            accounts 
            WHERE deleted = 0 
            AND DATEDIFF(STR_TO_DATE(DATE_FORMAT(birthdate, '2018-%m-%d'), '%Y-%m-%d'), NOW()) <7
           -- AND DATEDIFF(DATE(CONCAT(YEAR(NOW()), '-', select_month_dob, '-', select_day_dob)), DATE(NOW())) <=  7 
           -- AND DATEDIFF(DATE(CONCAT(YEAR(NOW()), '-', month_dob, '-', day_dob) ), DATE(NOW())) >0 
            AND DATEDIFF(STR_TO_DATE(DATE_FORMAT(birthdate, '2018-%m-%d'), '%Y-%m-%d'), NOW()) >=0
            AND assigned_user_id = '1'
            UNION ALL
            SELECT id, CONCAT(IFNULL(first_name,''),' ',IFNULL(last_name,'')) NAME, 'Contacts' module_name
            FROM
            contacts 
            WHERE deleted = 0 
            AND DATEDIFF(STR_TO_DATE(DATE_FORMAT(birthdate, '2018-%m-%d'), '%Y-%m-%d'), NOW()) <7 
            AND DATEDIFF(STR_TO_DATE(DATE_FORMAT(birthdate, '2018-%m-%d'), '%Y-%m-%d'), NOW()) >=0
            AND assigned_user_id = '1' : MySQL error 1054: Unknown column 'birthdate' in 'where clause'
03/27/18 22:54:11 [5344][1][FATAL]  Query Failed: INSERT INTO tracker_sessions (session_id,date_start,date_end,client_ip,user_id,round_trips ) VALUES ( 'spsa8tth20joc348gn7j8bst24','2018-03-27 15:54:09','2018-03-27 15:54:09','::1','1',1): MySQL error 1062: Duplicate entry '0' for key 'PRIMARY'
03/27/18 22:54:31 [5344][1][FATAL]  Query Failed: SELECT id, NAME ,'Accounts' module_name
            FROM
            accounts 
            WHERE deleted = 0 
            AND DATEDIFF(STR_TO_DATE(DATE_FORMAT(birthdate, '2018-%m-%d'), '%Y-%m-%d'), NOW()) <7
           -- AND DATEDIFF(DATE(CONCAT(YEAR(NOW()), '-', select_month_dob, '-', select_day_dob)), DATE(NOW())) <=  7 
           -- AND DATEDIFF(DATE(CONCAT(YEAR(NOW()), '-', month_dob, '-', day_dob) ), DATE(NOW())) >0 
            AND DATEDIFF(STR_TO_DATE(DATE_FORMAT(birthdate, '2018-%m-%d'), '%Y-%m-%d'), NOW()) >=0
            AND assigned_user_id = '1'
            UNION ALL
            SELECT id, CONCAT(IFNULL(first_name,''),' ',IFNULL(last_name,'')) NAME, 'Contacts' module_name
            FROM
            contacts 
            WHERE deleted = 0 
            AND DATEDIFF(STR_TO_DATE(DATE_FORMAT(birthdate, '2018-%m-%d'), '%Y-%m-%d'), NOW()) <7 
            AND DATEDIFF(STR_TO_DATE(DATE_FORMAT(birthdate, '2018-%m-%d'), '%Y-%m-%d'), NOW()) >=0
            AND assigned_user_id = '1' : MySQL error 1054: Unknown column 'birthdate' in 'where clause'
03/27/18 22:54:57 [5344][1][FATAL]  Query Failed: INSERT INTO tracker_sessions (session_id,date_start,date_end,client_ip,user_id,round_trips ) VALUES ( 'spsa8tth20joc348gn7j8bst24','2018-03-27 15:54:29','2018-03-27 15:54:29','::1','1',1): MySQL error 1062: Duplicate entry '0' for key 'PRIMARY'
03/27/18 22:54:57 [5344][1][FATAL]  Query Failed: INSERT INTO tracker (monitor_id,user_id,module_name,item_id,item_summary,team_id,date_modified,action,session_id,visible ) VALUES ( '97a4e5f3-30c2-7e1d-ecbb-5aba69902789','1','Contacts','ca0ec006-3d0d-f552-d1d2-5aba6875bf86','Giáo xứ hà nội','81489b81-fbb1-2862-4109-52f3a7820594','2018-03-27 15:54:30','detailview','spsa8tth20joc348gn7j8bst24','1'): MySQL error 1062: Duplicate entry '0' for key 'PRIMARY'
03/27/18 22:54:58 [5344][1][FATAL]  Query Failed: SELECT id, NAME ,'Accounts' module_name
            FROM
            accounts 
            WHERE deleted = 0 
            AND DATEDIFF(STR_TO_DATE(DATE_FORMAT(birthdate, '2018-%m-%d'), '%Y-%m-%d'), NOW()) <7
           -- AND DATEDIFF(DATE(CONCAT(YEAR(NOW()), '-', select_month_dob, '-', select_day_dob)), DATE(NOW())) <=  7 
           -- AND DATEDIFF(DATE(CONCAT(YEAR(NOW()), '-', month_dob, '-', day_dob) ), DATE(NOW())) >0 
            AND DATEDIFF(STR_TO_DATE(DATE_FORMAT(birthdate, '2018-%m-%d'), '%Y-%m-%d'), NOW()) >=0
            AND assigned_user_id = '1'
            UNION ALL
            SELECT id, CONCAT(IFNULL(first_name,''),' ',IFNULL(last_name,'')) NAME, 'Contacts' module_name
            FROM
            contacts 
            WHERE deleted = 0 
            AND DATEDIFF(STR_TO_DATE(DATE_FORMAT(birthdate, '2018-%m-%d'), '%Y-%m-%d'), NOW()) <7 
            AND DATEDIFF(STR_TO_DATE(DATE_FORMAT(birthdate, '2018-%m-%d'), '%Y-%m-%d'), NOW()) >=0
            AND assigned_user_id = '1' : MySQL error 1054: Unknown column 'birthdate' in 'where clause'
03/27/18 22:54:59 [5344][1][FATAL]  Query Failed: INSERT INTO tracker_sessions (session_id,date_start,date_end,client_ip,user_id,round_trips ) VALUES ( 'spsa8tth20joc348gn7j8bst24','2018-03-27 15:54:30','2018-03-27 15:54:30','::1','1',1): MySQL error 1062: Duplicate entry '0' for key 'PRIMARY'
03/27/18 22:54:59 [5344][1][FATAL]  Query Failed: INSERT INTO tracker (monitor_id,user_id,module_name,item_id,item_summary,team_id,date_modified,action,session_id,visible ) VALUES ( '13beda40-6aa3-e7f8-bcf6-5aba6919292a','1','Contacts','ca0ec006-3d0d-f552-d1d2-5aba6875bf86','Giáo xứ hà nội','81489b81-fbb1-2862-4109-52f3a7820594','2018-03-27 15:54:49','detailview','spsa8tth20joc348gn7j8bst24','1'): MySQL error 1062: Duplicate entry '0' for key 'PRIMARY'
03/27/18 22:54:59 [5344][1][FATAL]  Query Failed: SELECT id, NAME ,'Accounts' module_name
            FROM
            accounts 
            WHERE deleted = 0 
            AND DATEDIFF(STR_TO_DATE(DATE_FORMAT(birthdate, '2018-%m-%d'), '%Y-%m-%d'), NOW()) <7
           -- AND DATEDIFF(DATE(CONCAT(YEAR(NOW()), '-', select_month_dob, '-', select_day_dob)), DATE(NOW())) <=  7 
           -- AND DATEDIFF(DATE(CONCAT(YEAR(NOW()), '-', month_dob, '-', day_dob) ), DATE(NOW())) >0 
            AND DATEDIFF(STR_TO_DATE(DATE_FORMAT(birthdate, '2018-%m-%d'), '%Y-%m-%d'), NOW()) >=0
            AND assigned_user_id = '1'
            UNION ALL
            SELECT id, CONCAT(IFNULL(first_name,''),' ',IFNULL(last_name,'')) NAME, 'Contacts' module_name
            FROM
            contacts 
            WHERE deleted = 0 
            AND DATEDIFF(STR_TO_DATE(DATE_FORMAT(birthdate, '2018-%m-%d'), '%Y-%m-%d'), NOW()) <7 
            AND DATEDIFF(STR_TO_DATE(DATE_FORMAT(birthdate, '2018-%m-%d'), '%Y-%m-%d'), NOW()) >=0
            AND assigned_user_id = '1' : MySQL error 1054: Unknown column 'birthdate' in 'where clause'
03/27/18 22:55:00 [5344][1][FATAL]  Query Failed: INSERT INTO tracker_sessions (session_id,date_start,date_end,client_ip,user_id,round_trips ) VALUES ( 'spsa8tth20joc348gn7j8bst24','2018-03-27 15:54:49','2018-03-27 15:54:49','::1','1',1): MySQL error 1062: Duplicate entry '0' for key 'PRIMARY'
03/27/18 22:55:00 [5344][1][FATAL]  Query Failed: INSERT INTO tracker_sessions (session_id,date_start,date_end,client_ip,user_id,round_trips ) VALUES ( 'spsa8tth20joc348gn7j8bst24','2018-03-27 15:54:58','2018-03-27 15:54:58','::1','1',1): MySQL error 1062: Duplicate entry '0' for key 'PRIMARY'
03/27/18 22:55:22 [5344][1][FATAL]  Query Failed: INSERT INTO tracker_sessions (session_id,date_start,date_end,client_ip,user_id,round_trips ) VALUES ( 'spsa8tth20joc348gn7j8bst24','2018-03-27 15:55:20','2018-03-27 15:55:20','::1','1',1): MySQL error 1062: Duplicate entry '0' for key 'PRIMARY'
03/27/18 22:55:25 [5344][1][FATAL]  Query Failed: INSERT INTO tracker_sessions (session_id,date_start,date_end,client_ip,user_id,round_trips ) VALUES ( 'spsa8tth20joc348gn7j8bst24','2018-03-27 15:55:24','2018-03-27 15:55:24','::1','1',1): MySQL error 1062: Duplicate entry '0' for key 'PRIMARY'
03/27/18 22:55:36 [5344][1][FATAL]  Query Failed: INSERT INTO tracker_sessions (session_id,date_start,date_end,client_ip,user_id,round_trips ) VALUES ( 'spsa8tth20joc348gn7j8bst24','2018-03-27 15:55:34','2018-03-27 15:55:34','::1','1',1): MySQL error 1062: Duplicate entry '0' for key 'PRIMARY'
03/27/18 22:56:04 [5344][1][FATAL]  Query Failed: SELECT id, NAME ,'Accounts' module_name
            FROM
            accounts 
            WHERE deleted = 0 
            AND DATEDIFF(STR_TO_DATE(DATE_FORMAT(birthdate, '2018-%m-%d'), '%Y-%m-%d'), NOW()) <7
           -- AND DATEDIFF(DATE(CONCAT(YEAR(NOW()), '-', select_month_dob, '-', select_day_dob)), DATE(NOW())) <=  7 
           -- AND DATEDIFF(DATE(CONCAT(YEAR(NOW()), '-', month_dob, '-', day_dob) ), DATE(NOW())) >0 
            AND DATEDIFF(STR_TO_DATE(DATE_FORMAT(birthdate, '2018-%m-%d'), '%Y-%m-%d'), NOW()) >=0
            AND assigned_user_id = '1'
            UNION ALL
            SELECT id, CONCAT(IFNULL(first_name,''),' ',IFNULL(last_name,'')) NAME, 'Contacts' module_name
            FROM
            contacts 
            WHERE deleted = 0 
            AND DATEDIFF(STR_TO_DATE(DATE_FORMAT(birthdate, '2018-%m-%d'), '%Y-%m-%d'), NOW()) <7 
            AND DATEDIFF(STR_TO_DATE(DATE_FORMAT(birthdate, '2018-%m-%d'), '%Y-%m-%d'), NOW()) >=0
            AND assigned_user_id = '1' : MySQL error 1054: Unknown column 'birthdate' in 'where clause'
03/27/18 22:56:05 [5344][1][FATAL]  Query Failed: INSERT INTO tracker_sessions (session_id,date_start,date_end,client_ip,user_id,round_trips ) VALUES ( 'spsa8tth20joc348gn7j8bst24','2018-03-27 15:56:03','2018-03-27 15:56:03','::1','1',1): MySQL error 1062: Duplicate entry '0' for key 'PRIMARY'
03/27/18 22:56:29 [5344][1][FATAL]  Query Failed: SELECT id, NAME ,'Accounts' module_name
            FROM
            accounts 
            WHERE deleted = 0 
            AND DATEDIFF(STR_TO_DATE(DATE_FORMAT(birthdate, '2018-%m-%d'), '%Y-%m-%d'), NOW()) <7
           -- AND DATEDIFF(DATE(CONCAT(YEAR(NOW()), '-', select_month_dob, '-', select_day_dob)), DATE(NOW())) <=  7 
           -- AND DATEDIFF(DATE(CONCAT(YEAR(NOW()), '-', month_dob, '-', day_dob) ), DATE(NOW())) >0 
            AND DATEDIFF(STR_TO_DATE(DATE_FORMAT(birthdate, '2018-%m-%d'), '%Y-%m-%d'), NOW()) >=0
            AND assigned_user_id = '1'
            UNION ALL
            SELECT id, CONCAT(IFNULL(first_name,''),' ',IFNULL(last_name,'')) NAME, 'Contacts' module_name
            FROM
            contacts 
            WHERE deleted = 0 
            AND DATEDIFF(STR_TO_DATE(DATE_FORMAT(birthdate, '2018-%m-%d'), '%Y-%m-%d'), NOW()) <7 
            AND DATEDIFF(STR_TO_DATE(DATE_FORMAT(birthdate, '2018-%m-%d'), '%Y-%m-%d'), NOW()) >=0
            AND assigned_user_id = '1' : MySQL error 1054: Unknown column 'birthdate' in 'where clause'
03/27/18 22:56:29 [5344][1][FATAL]  Query Failed: INSERT INTO tracker_sessions (session_id,date_start,date_end,client_ip,user_id,round_trips ) VALUES ( 'spsa8tth20joc348gn7j8bst24','2018-03-27 15:56:27','2018-03-27 15:56:27','::1','1',1): MySQL error 1062: Duplicate entry '0' for key 'PRIMARY'
03/27/18 22:56:35 [5344][1][FATAL]  Query Failed: INSERT INTO tracker_sessions (session_id,date_start,date_end,client_ip,user_id,round_trips ) VALUES ( 'spsa8tth20joc348gn7j8bst24','2018-03-27 15:56:34','2018-03-27 15:56:34','::1','1',1): MySQL error 1062: Duplicate entry '0' for key 'PRIMARY'
03/27/18 22:56:37 [5344][1][FATAL]  Query Failed: INSERT INTO tracker_sessions (session_id,date_start,date_end,client_ip,user_id,round_trips ) VALUES ( 'spsa8tth20joc348gn7j8bst24','2018-03-27 15:56:36','2018-03-27 15:56:36','::1','1',1): MySQL error 1062: Duplicate entry '0' for key 'PRIMARY'
03/27/18 22:56:38 [5344][1][FATAL]  Query Failed: INSERT INTO tracker_sessions (session_id,date_start,date_end,client_ip,user_id,round_trips ) VALUES ( 'spsa8tth20joc348gn7j8bst24','2018-03-27 15:56:37','2018-03-27 15:56:37','::1','1',1): MySQL error 1062: Duplicate entry '0' for key 'PRIMARY'
03/27/18 22:56:40 [5344][1][FATAL]  Query Failed: INSERT INTO tracker_sessions (session_id,date_start,date_end,client_ip,user_id,round_trips ) VALUES ( 'spsa8tth20joc348gn7j8bst24','2018-03-27 15:56:39','2018-03-27 15:56:39','::1','1',1): MySQL error 1062: Duplicate entry '0' for key 'PRIMARY'
03/27/18 22:56:46 [5344][1][FATAL]  Query Failed: INSERT INTO tracker_sessions (session_id,date_start,date_end,client_ip,user_id,round_trips ) VALUES ( 'spsa8tth20joc348gn7j8bst24','2018-03-27 15:56:44','2018-03-27 15:56:44','::1','1',1): MySQL error 1062: Duplicate entry '0' for key 'PRIMARY'
03/27/18 22:56:47 [5344][1][FATAL]  Query Failed: INSERT INTO tracker_sessions (session_id,date_start,date_end,client_ip,user_id,round_trips ) VALUES ( 'spsa8tth20joc348gn7j8bst24','2018-03-27 15:56:46','2018-03-27 15:56:46','::1','1',1): MySQL error 1062: Duplicate entry '0' for key 'PRIMARY'
03/27/18 22:56:49 [5344][1][FATAL]  Query Failed: INSERT INTO tracker_sessions (session_id,date_start,date_end,client_ip,user_id,round_trips ) VALUES ( 'spsa8tth20joc348gn7j8bst24','2018-03-27 15:56:48','2018-03-27 15:56:48','::1','1',1): MySQL error 1062: Duplicate entry '0' for key 'PRIMARY'
03/27/18 22:56:50 [5344][1][FATAL]  Query Failed: SELECT id, NAME ,'Accounts' module_name
            FROM
            accounts 
            WHERE deleted = 0 
            AND DATEDIFF(STR_TO_DATE(DATE_FORMAT(birthdate, '2018-%m-%d'), '%Y-%m-%d'), NOW()) <7
           -- AND DATEDIFF(DATE(CONCAT(YEAR(NOW()), '-', select_month_dob, '-', select_day_dob)), DATE(NOW())) <=  7 
           -- AND DATEDIFF(DATE(CONCAT(YEAR(NOW()), '-', month_dob, '-', day_dob) ), DATE(NOW())) >0 
            AND DATEDIFF(STR_TO_DATE(DATE_FORMAT(birthdate, '2018-%m-%d'), '%Y-%m-%d'), NOW()) >=0
            AND assigned_user_id = '1'
            UNION ALL
            SELECT id, CONCAT(IFNULL(first_name,''),' ',IFNULL(last_name,'')) NAME, 'Contacts' module_name
            FROM
            contacts 
            WHERE deleted = 0 
            AND DATEDIFF(STR_TO_DATE(DATE_FORMAT(birthdate, '2018-%m-%d'), '%Y-%m-%d'), NOW()) <7 
            AND DATEDIFF(STR_TO_DATE(DATE_FORMAT(birthdate, '2018-%m-%d'), '%Y-%m-%d'), NOW()) >=0
            AND assigned_user_id = '1' : MySQL error 1054: Unknown column 'birthdate' in 'where clause'
03/27/18 22:56:50 [5344][1][FATAL]  Query Failed: INSERT INTO tracker_sessions (session_id,date_start,date_end,client_ip,user_id,round_trips ) VALUES ( 'spsa8tth20joc348gn7j8bst24','2018-03-27 15:56:49','2018-03-27 15:56:49','::1','1',1): MySQL error 1062: Duplicate entry '0' for key 'PRIMARY'
03/27/18 22:56:56 [5344][1][FATAL]  Query Failed: INSERT INTO tracker_sessions (session_id,date_start,date_end,client_ip,user_id,round_trips ) VALUES ( 'spsa8tth20joc348gn7j8bst24','2018-03-27 15:56:54','2018-03-27 15:56:54','::1','1',1): MySQL error 1062: Duplicate entry '0' for key 'PRIMARY'
03/27/18 22:57:00 [5344][1][FATAL]  Query Failed: INSERT INTO tracker_sessions (session_id,date_start,date_end,client_ip,user_id,round_trips ) VALUES ( 'spsa8tth20joc348gn7j8bst24','2018-03-27 15:56:58','2018-03-27 15:56:58','::1','1',1): MySQL error 1062: Duplicate entry '0' for key 'PRIMARY'
03/27/18 22:58:14 [5344][1][FATAL]  Query Failed: INSERT INTO tracker_sessions (session_id,date_start,date_end,client_ip,user_id,round_trips ) VALUES ( 'spsa8tth20joc348gn7j8bst24','2018-03-27 15:58:12','2018-03-27 15:58:12','::1','1',1): MySQL error 1062: Duplicate entry '0' for key 'PRIMARY'
03/27/18 22:58:16 [5344][1][FATAL]  Query Failed: SELECT id, NAME ,'Accounts' module_name
            FROM
            accounts 
            WHERE deleted = 0 
            AND DATEDIFF(STR_TO_DATE(DATE_FORMAT(birthdate, '2018-%m-%d'), '%Y-%m-%d'), NOW()) <7
           -- AND DATEDIFF(DATE(CONCAT(YEAR(NOW()), '-', select_month_dob, '-', select_day_dob)), DATE(NOW())) <=  7 
           -- AND DATEDIFF(DATE(CONCAT(YEAR(NOW()), '-', month_dob, '-', day_dob) ), DATE(NOW())) >0 
            AND DATEDIFF(STR_TO_DATE(DATE_FORMAT(birthdate, '2018-%m-%d'), '%Y-%m-%d'), NOW()) >=0
            AND assigned_user_id = '1'
            UNION ALL
            SELECT id, CONCAT(IFNULL(first_name,''),' ',IFNULL(last_name,'')) NAME, 'Contacts' module_name
            FROM
            contacts 
            WHERE deleted = 0 
            AND DATEDIFF(STR_TO_DATE(DATE_FORMAT(birthdate, '2018-%m-%d'), '%Y-%m-%d'), NOW()) <7 
            AND DATEDIFF(STR_TO_DATE(DATE_FORMAT(birthdate, '2018-%m-%d'), '%Y-%m-%d'), NOW()) >=0
            AND assigned_user_id = '1' : MySQL error 1054: Unknown column 'birthdate' in 'where clause'
03/27/18 22:58:16 [5344][1][FATAL]  Query Failed: INSERT INTO tracker_sessions (session_id,date_start,date_end,client_ip,user_id,round_trips ) VALUES ( 'spsa8tth20joc348gn7j8bst24','2018-03-27 15:58:14','2018-03-27 15:58:14','::1','1',1): MySQL error 1062: Duplicate entry '0' for key 'PRIMARY'
03/27/18 22:58:22 [5344][1][FATAL]  Query Failed: INSERT INTO tracker (monitor_id,user_id,module_name,item_id,item_summary,team_id,date_modified,action,session_id,visible ) VALUES ( '7662ff2d-f605-58ba-8305-5aba6afeb335','1','Contacts','ca0ec006-3d0d-f552-d1d2-5aba6875bf86','Giáo xứ hà nội','81489b81-fbb1-2862-4109-52f3a7820594','2018-03-27 15:58:21','detailview','spsa8tth20joc348gn7j8bst24','1'): MySQL error 1062: Duplicate entry '0' for key 'PRIMARY'
03/27/18 22:58:22 [5344][1][FATAL]  Query Failed: SELECT id, NAME ,'Accounts' module_name
            FROM
            accounts 
            WHERE deleted = 0 
            AND DATEDIFF(STR_TO_DATE(DATE_FORMAT(birthdate, '2018-%m-%d'), '%Y-%m-%d'), NOW()) <7
           -- AND DATEDIFF(DATE(CONCAT(YEAR(NOW()), '-', select_month_dob, '-', select_day_dob)), DATE(NOW())) <=  7 
           -- AND DATEDIFF(DATE(CONCAT(YEAR(NOW()), '-', month_dob, '-', day_dob) ), DATE(NOW())) >0 
            AND DATEDIFF(STR_TO_DATE(DATE_FORMAT(birthdate, '2018-%m-%d'), '%Y-%m-%d'), NOW()) >=0
            AND assigned_user_id = '1'
            UNION ALL
            SELECT id, CONCAT(IFNULL(first_name,''),' ',IFNULL(last_name,'')) NAME, 'Contacts' module_name
            FROM
            contacts 
            WHERE deleted = 0 
            AND DATEDIFF(STR_TO_DATE(DATE_FORMAT(birthdate, '2018-%m-%d'), '%Y-%m-%d'), NOW()) <7 
            AND DATEDIFF(STR_TO_DATE(DATE_FORMAT(birthdate, '2018-%m-%d'), '%Y-%m-%d'), NOW()) >=0
            AND assigned_user_id = '1' : MySQL error 1054: Unknown column 'birthdate' in 'where clause'
03/27/18 22:58:23 [5344][1][FATAL]  Query Failed: INSERT INTO tracker_sessions (session_id,date_start,date_end,client_ip,user_id,round_trips ) VALUES ( 'spsa8tth20joc348gn7j8bst24','2018-03-27 15:58:21','2018-03-27 15:58:21','::1','1',1): MySQL error 1062: Duplicate entry '0' for key 'PRIMARY'
03/27/18 22:58:24 [5344][1][FATAL]  Query Failed: INSERT INTO tracker_sessions (session_id,date_start,date_end,client_ip,user_id,round_trips ) VALUES ( 'spsa8tth20joc348gn7j8bst24','2018-03-27 15:58:23','2018-03-27 15:58:23','::1','1',1): MySQL error 1062: Duplicate entry '0' for key 'PRIMARY'
03/27/18 22:58:34 [5344][1][FATAL]  Query Failed: INSERT INTO tracker_sessions (session_id,date_start,date_end,client_ip,user_id,round_trips ) VALUES ( 'spsa8tth20joc348gn7j8bst24','2018-03-27 15:58:32','2018-03-27 15:58:32','::1','1',1): MySQL error 1062: Duplicate entry '0' for key 'PRIMARY'
03/27/18 22:58:34 [5344][1][FATAL]  Query Failed: INSERT INTO tracker (monitor_id,user_id,module_name,item_id,item_summary,team_id,date_modified,action,session_id,visible ) VALUES ( 'ba72ddd8-7250-5661-f73f-5aba6a807a0b','1','C_ConfigID','13750de3-a2fd-a5ea-45c8-59b79e458842','KH','81489b81-fbb1-2862-4109-52f3a7820594','2018-03-27 15:58:32','save','spsa8tth20joc348gn7j8bst24','1'): MySQL error 1062: Duplicate entry '0' for key 'PRIMARY'
03/27/18 22:58:35 [5344][1][FATAL]  Query Failed: INSERT INTO tracker (monitor_id,user_id,module_name,item_id,item_summary,team_id,date_modified,action,session_id,visible ) VALUES ( '3fbd5897-6415-3594-32f4-5aba6a714d2e','1','Contacts','ca0ec006-3d0d-f552-d1d2-5aba6875bf86','Giáo xứ hà nội','81489b81-fbb1-2862-4109-52f3a7820594','2018-03-27 15:58:34','editview','spsa8tth20joc348gn7j8bst24','1'): MySQL error 1062: Duplicate entry '0' for key 'PRIMARY'
03/27/18 22:58:35 [5344][1][FATAL]  Query Failed: SELECT id, NAME ,'Accounts' module_name
            FROM
            accounts 
            WHERE deleted = 0 
            AND DATEDIFF(STR_TO_DATE(DATE_FORMAT(birthdate, '2018-%m-%d'), '%Y-%m-%d'), NOW()) <7
           -- AND DATEDIFF(DATE(CONCAT(YEAR(NOW()), '-', select_month_dob, '-', select_day_dob)), DATE(NOW())) <=  7 
           -- AND DATEDIFF(DATE(CONCAT(YEAR(NOW()), '-', month_dob, '-', day_dob) ), DATE(NOW())) >0 
            AND DATEDIFF(STR_TO_DATE(DATE_FORMAT(birthdate, '2018-%m-%d'), '%Y-%m-%d'), NOW()) >=0
            AND assigned_user_id = '1'
            UNION ALL
            SELECT id, CONCAT(IFNULL(first_name,''),' ',IFNULL(last_name,'')) NAME, 'Contacts' module_name
            FROM
            contacts 
            WHERE deleted = 0 
            AND DATEDIFF(STR_TO_DATE(DATE_FORMAT(birthdate, '2018-%m-%d'), '%Y-%m-%d'), NOW()) <7 
            AND DATEDIFF(STR_TO_DATE(DATE_FORMAT(birthdate, '2018-%m-%d'), '%Y-%m-%d'), NOW()) >=0
            AND assigned_user_id = '1' : MySQL error 1054: Unknown column 'birthdate' in 'where clause'
03/27/18 22:58:36 [5344][1][FATAL]  Query Failed: INSERT INTO tracker_sessions (session_id,date_start,date_end,client_ip,user_id,round_trips ) VALUES ( 'spsa8tth20joc348gn7j8bst24','2018-03-27 15:58:34','2018-03-27 15:58:34','::1','1',1): MySQL error 1062: Duplicate entry '0' for key 'PRIMARY'
03/27/18 22:58:39 [5344][1][FATAL]  Query Failed: INSERT INTO tracker_sessions (session_id,date_start,date_end,client_ip,user_id,round_trips ) VALUES ( 'spsa8tth20joc348gn7j8bst24','2018-03-27 15:58:37','2018-03-27 15:58:37','::1','1',1): MySQL error 1062: Duplicate entry '0' for key 'PRIMARY'
03/27/18 22:58:40 [5344][1][FATAL] SugarPHPMailer encountered an error: You must provide at least one recipient email address.
03/27/18 22:58:40 [5344][1][FATAL]  Query Failed: INSERT INTO tracker_sessions (session_id,date_start,date_end,client_ip,user_id,round_trips ) VALUES ( 'spsa8tth20joc348gn7j8bst24','2018-03-27 15:58:39','2018-03-27 15:58:39','::1','1',1): MySQL error 1062: Duplicate entry '0' for key 'PRIMARY'
03/27/18 22:58:40 [5344][1][FATAL]  Query Failed: INSERT INTO tracker (monitor_id,user_id,module_name,item_id,item_summary,team_id,date_modified,action,session_id,visible ) VALUES ( '5a9487f8-dbc9-5f61-6a9a-5aba6a6302f5','1','Contacts','ca0ec006-3d0d-f552-d1d2-5aba6875bf86','Giáo xứ hà nội','81489b81-fbb1-2862-4109-52f3a7820594','2018-03-27 15:58:39','save','spsa8tth20joc348gn7j8bst24','1'): MySQL error 1062: Duplicate entry '0' for key 'PRIMARY'
03/27/18 22:58:42 [5344][1][FATAL]  Query Failed: INSERT INTO tracker (monitor_id,user_id,module_name,item_id,item_summary,team_id,date_modified,action,session_id,visible ) VALUES ( '7c445834-2c8a-dd96-0d06-5aba6a4d384b','1','Contacts','ca0ec006-3d0d-f552-d1d2-5aba6875bf86','Giáo xứ hà nội','81489b81-fbb1-2862-4109-52f3a7820594','2018-03-27 15:58:41','detailview','spsa8tth20joc348gn7j8bst24','1'): MySQL error 1062: Duplicate entry '0' for key 'PRIMARY'
03/27/18 22:58:42 [5344][1][FATAL]  Query Failed: SELECT id, NAME ,'Accounts' module_name
            FROM
            accounts 
            WHERE deleted = 0 
            AND DATEDIFF(STR_TO_DATE(DATE_FORMAT(birthdate, '2018-%m-%d'), '%Y-%m-%d'), NOW()) <7
           -- AND DATEDIFF(DATE(CONCAT(YEAR(NOW()), '-', select_month_dob, '-', select_day_dob)), DATE(NOW())) <=  7 
           -- AND DATEDIFF(DATE(CONCAT(YEAR(NOW()), '-', month_dob, '-', day_dob) ), DATE(NOW())) >0 
            AND DATEDIFF(STR_TO_DATE(DATE_FORMAT(birthdate, '2018-%m-%d'), '%Y-%m-%d'), NOW()) >=0
            AND assigned_user_id = '1'
            UNION ALL
            SELECT id, CONCAT(IFNULL(first_name,''),' ',IFNULL(last_name,'')) NAME, 'Contacts' module_name
            FROM
            contacts 
            WHERE deleted = 0 
            AND DATEDIFF(STR_TO_DATE(DATE_FORMAT(birthdate, '2018-%m-%d'), '%Y-%m-%d'), NOW()) <7 
            AND DATEDIFF(STR_TO_DATE(DATE_FORMAT(birthdate, '2018-%m-%d'), '%Y-%m-%d'), NOW()) >=0
            AND assigned_user_id = '1' : MySQL error 1054: Unknown column 'birthdate' in 'where clause'
03/27/18 22:58:43 [5344][1][FATAL]  Query Failed: INSERT INTO tracker_sessions (session_id,date_start,date_end,client_ip,user_id,round_trips ) VALUES ( 'spsa8tth20joc348gn7j8bst24','2018-03-27 15:58:41','2018-03-27 15:58:41','::1','1',1): MySQL error 1062: Duplicate entry '0' for key 'PRIMARY'
03/27/18 22:58:52 [5344][1][FATAL]  Query Failed: INSERT INTO tracker (monitor_id,user_id,module_name,item_id,item_summary,team_id,date_modified,action,session_id,visible ) VALUES ( '9647c442-a18d-7402-724e-5aba6af34dc7','1','Contacts','ca0ec006-3d0d-f552-d1d2-5aba6875bf86','Giáo xứ hà nội','81489b81-fbb1-2862-4109-52f3a7820594','2018-03-27 15:58:51','editview','spsa8tth20joc348gn7j8bst24','1'): MySQL error 1062: Duplicate entry '0' for key 'PRIMARY'
03/27/18 22:58:53 [5344][1][FATAL]  Query Failed: SELECT id, NAME ,'Accounts' module_name
            FROM
            accounts 
            WHERE deleted = 0 
            AND DATEDIFF(STR_TO_DATE(DATE_FORMAT(birthdate, '2018-%m-%d'), '%Y-%m-%d'), NOW()) <7
           -- AND DATEDIFF(DATE(CONCAT(YEAR(NOW()), '-', select_month_dob, '-', select_day_dob)), DATE(NOW())) <=  7 
           -- AND DATEDIFF(DATE(CONCAT(YEAR(NOW()), '-', month_dob, '-', day_dob) ), DATE(NOW())) >0 
            AND DATEDIFF(STR_TO_DATE(DATE_FORMAT(birthdate, '2018-%m-%d'), '%Y-%m-%d'), NOW()) >=0
            AND assigned_user_id = '1'
            UNION ALL
            SELECT id, CONCAT(IFNULL(first_name,''),' ',IFNULL(last_name,'')) NAME, 'Contacts' module_name
            FROM
            contacts 
            WHERE deleted = 0 
            AND DATEDIFF(STR_TO_DATE(DATE_FORMAT(birthdate, '2018-%m-%d'), '%Y-%m-%d'), NOW()) <7 
            AND DATEDIFF(STR_TO_DATE(DATE_FORMAT(birthdate, '2018-%m-%d'), '%Y-%m-%d'), NOW()) >=0
            AND assigned_user_id = '1' : MySQL error 1054: Unknown column 'birthdate' in 'where clause'
03/27/18 22:58:53 [5344][1][FATAL]  Query Failed: INSERT INTO tracker_sessions (session_id,date_start,date_end,client_ip,user_id,round_trips ) VALUES ( 'spsa8tth20joc348gn7j8bst24','2018-03-27 15:58:51','2018-03-27 15:58:51','::1','1',1): MySQL error 1062: Duplicate entry '0' for key 'PRIMARY'
03/27/18 22:58:56 [5344][1][FATAL]  Query Failed: INSERT INTO tracker_sessions (session_id,date_start,date_end,client_ip,user_id,round_trips ) VALUES ( 'spsa8tth20joc348gn7j8bst24','2018-03-27 15:58:55','2018-03-27 15:58:55','::1','1',1): MySQL error 1062: Duplicate entry '0' for key 'PRIMARY'
03/27/18 22:59:05 [5344][1][FATAL]  Query Failed: INSERT INTO tracker (monitor_id,user_id,module_name,item_id,item_summary,team_id,date_modified,action,session_id,visible ) VALUES ( '951c0612-33b1-d26a-9aed-5aba6a0c9b32','1','Contacts','ca0ec006-3d0d-f552-d1d2-5aba6875bf86','Giáo xứ hà nội','81489b81-fbb1-2862-4109-52f3a7820594','2018-03-27 15:59:04','editview','spsa8tth20joc348gn7j8bst24','1'): MySQL error 1062: Duplicate entry '0' for key 'PRIMARY'
03/27/18 22:59:06 [5344][1][FATAL]  Query Failed: SELECT id, NAME ,'Accounts' module_name
            FROM
            accounts 
            WHERE deleted = 0 
            AND DATEDIFF(STR_TO_DATE(DATE_FORMAT(birthdate, '2018-%m-%d'), '%Y-%m-%d'), NOW()) <7
           -- AND DATEDIFF(DATE(CONCAT(YEAR(NOW()), '-', select_month_dob, '-', select_day_dob)), DATE(NOW())) <=  7 
           -- AND DATEDIFF(DATE(CONCAT(YEAR(NOW()), '-', month_dob, '-', day_dob) ), DATE(NOW())) >0 
            AND DATEDIFF(STR_TO_DATE(DATE_FORMAT(birthdate, '2018-%m-%d'), '%Y-%m-%d'), NOW()) >=0
            AND assigned_user_id = '1'
            UNION ALL
            SELECT id, CONCAT(IFNULL(first_name,''),' ',IFNULL(last_name,'')) NAME, 'Contacts' module_name
            FROM
            contacts 
            WHERE deleted = 0 
            AND DATEDIFF(STR_TO_DATE(DATE_FORMAT(birthdate, '2018-%m-%d'), '%Y-%m-%d'), NOW()) <7 
            AND DATEDIFF(STR_TO_DATE(DATE_FORMAT(birthdate, '2018-%m-%d'), '%Y-%m-%d'), NOW()) >=0
            AND assigned_user_id = '1' : MySQL error 1054: Unknown column 'birthdate' in 'where clause'
03/27/18 22:59:06 [5344][1][FATAL]  Query Failed: INSERT INTO tracker_sessions (session_id,date_start,date_end,client_ip,user_id,round_trips ) VALUES ( 'spsa8tth20joc348gn7j8bst24','2018-03-27 15:59:04','2018-03-27 15:59:04','::1','1',1): MySQL error 1062: Duplicate entry '0' for key 'PRIMARY'
03/27/18 22:59:08 [5344][1][FATAL]  Query Failed: SELECT id, NAME ,'Accounts' module_name
            FROM
            accounts 
            WHERE deleted = 0 
            AND DATEDIFF(STR_TO_DATE(DATE_FORMAT(birthdate, '2018-%m-%d'), '%Y-%m-%d'), NOW()) <7
           -- AND DATEDIFF(DATE(CONCAT(YEAR(NOW()), '-', select_month_dob, '-', select_day_dob)), DATE(NOW())) <=  7 
           -- AND DATEDIFF(DATE(CONCAT(YEAR(NOW()), '-', month_dob, '-', day_dob) ), DATE(NOW())) >0 
            AND DATEDIFF(STR_TO_DATE(DATE_FORMAT(birthdate, '2018-%m-%d'), '%Y-%m-%d'), NOW()) >=0
            AND assigned_user_id = '1'
            UNION ALL
            SELECT id, CONCAT(IFNULL(first_name,''),' ',IFNULL(last_name,'')) NAME, 'Contacts' module_name
            FROM
            contacts 
            WHERE deleted = 0 
            AND DATEDIFF(STR_TO_DATE(DATE_FORMAT(birthdate, '2018-%m-%d'), '%Y-%m-%d'), NOW()) <7 
            AND DATEDIFF(STR_TO_DATE(DATE_FORMAT(birthdate, '2018-%m-%d'), '%Y-%m-%d'), NOW()) >=0
            AND assigned_user_id = '1' : MySQL error 1054: Unknown column 'birthdate' in 'where clause'
03/27/18 22:59:08 [5344][1][FATAL]  Query Failed: INSERT INTO tracker_sessions (session_id,date_start,date_end,client_ip,user_id,round_trips ) VALUES ( 'spsa8tth20joc348gn7j8bst24','2018-03-27 15:59:06','2018-03-27 15:59:06','::1','1',1): MySQL error 1062: Duplicate entry '0' for key 'PRIMARY'
03/27/18 22:59:09 [5344][1][FATAL]  Query Failed: INSERT INTO tracker_sessions (session_id,date_start,date_end,client_ip,user_id,round_trips ) VALUES ( 'spsa8tth20joc348gn7j8bst24','2018-03-27 15:59:08','2018-03-27 15:59:08','::1','1',1): MySQL error 1062: Duplicate entry '0' for key 'PRIMARY'
03/27/18 22:59:24 [5344][1][FATAL]  Query Failed: INSERT INTO tracker_sessions (session_id,date_start,date_end,client_ip,user_id,round_trips ) VALUES ( 'spsa8tth20joc348gn7j8bst24','2018-03-27 15:59:22','2018-03-27 15:59:22','::1','1',1): MySQL error 1062: Duplicate entry '0' for key 'PRIMARY'
03/27/18 22:59:24 [5344][1][FATAL]  Query Failed: INSERT INTO tracker_sessions (session_id,date_start,date_end,client_ip,user_id,round_trips ) VALUES ( 'spsa8tth20joc348gn7j8bst24','2018-03-27 15:59:22','2018-03-27 15:59:22','::1','1',1): MySQL error 1062: Duplicate entry '0' for key 'PRIMARY'
03/27/18 22:59:24 [5344][1][FATAL]  Query Failed: SELECT id, NAME ,'Accounts' module_name
            FROM
            accounts 
            WHERE deleted = 0 
            AND DATEDIFF(STR_TO_DATE(DATE_FORMAT(birthdate, '2018-%m-%d'), '%Y-%m-%d'), NOW()) <7
           -- AND DATEDIFF(DATE(CONCAT(YEAR(NOW()), '-', select_month_dob, '-', select_day_dob)), DATE(NOW())) <=  7 
           -- AND DATEDIFF(DATE(CONCAT(YEAR(NOW()), '-', month_dob, '-', day_dob) ), DATE(NOW())) >0 
            AND DATEDIFF(STR_TO_DATE(DATE_FORMAT(birthdate, '2018-%m-%d'), '%Y-%m-%d'), NOW()) >=0
            AND assigned_user_id = '1'
            UNION ALL
            SELECT id, CONCAT(IFNULL(first_name,''),' ',IFNULL(last_name,'')) NAME, 'Contacts' module_name
            FROM
            contacts 
            WHERE deleted = 0 
            AND DATEDIFF(STR_TO_DATE(DATE_FORMAT(birthdate, '2018-%m-%d'), '%Y-%m-%d'), NOW()) <7 
            AND DATEDIFF(STR_TO_DATE(DATE_FORMAT(birthdate, '2018-%m-%d'), '%Y-%m-%d'), NOW()) >=0
            AND assigned_user_id = '1' : MySQL error 1054: Unknown column 'birthdate' in 'where clause'
03/27/18 22:59:25 [5344][1][FATAL]  Query Failed: INSERT INTO tracker_sessions (session_id,date_start,date_end,client_ip,user_id,round_trips ) VALUES ( 'spsa8tth20joc348gn7j8bst24','2018-03-27 15:59:22','2018-03-27 15:59:22','::1','1',1): MySQL error 1062: Duplicate entry '0' for key 'PRIMARY'
03/27/18 22:59:26 [5344][1][FATAL]  Query Failed: INSERT INTO tracker_sessions (session_id,date_start,date_end,client_ip,user_id,round_trips ) VALUES ( 'spsa8tth20joc348gn7j8bst24','2018-03-27 15:59:24','2018-03-27 15:59:24','::1','1',1): MySQL error 1062: Duplicate entry '0' for key 'PRIMARY'
03/27/18 22:59:26 [5344][1][FATAL]  Query Failed: INSERT INTO tracker_sessions (session_id,date_start,date_end,client_ip,user_id,round_trips ) VALUES ( 'spsa8tth20joc348gn7j8bst24','2018-03-27 15:59:24','2018-03-27 15:59:24','::1','1',1): MySQL error 1062: Duplicate entry '0' for key 'PRIMARY'
03/27/18 22:59:30 [5344][1][FATAL]  Query Failed: SELECT id, NAME ,'Accounts' module_name
            FROM
            accounts 
            WHERE deleted = 0 
            AND DATEDIFF(STR_TO_DATE(DATE_FORMAT(birthdate, '2018-%m-%d'), '%Y-%m-%d'), NOW()) <7
           -- AND DATEDIFF(DATE(CONCAT(YEAR(NOW()), '-', select_month_dob, '-', select_day_dob)), DATE(NOW())) <=  7 
           -- AND DATEDIFF(DATE(CONCAT(YEAR(NOW()), '-', month_dob, '-', day_dob) ), DATE(NOW())) >0 
            AND DATEDIFF(STR_TO_DATE(DATE_FORMAT(birthdate, '2018-%m-%d'), '%Y-%m-%d'), NOW()) >=0
            AND assigned_user_id = '1'
            UNION ALL
            SELECT id, CONCAT(IFNULL(first_name,''),' ',IFNULL(last_name,'')) NAME, 'Contacts' module_name
            FROM
            contacts 
            WHERE deleted = 0 
            AND DATEDIFF(STR_TO_DATE(DATE_FORMAT(birthdate, '2018-%m-%d'), '%Y-%m-%d'), NOW()) <7 
            AND DATEDIFF(STR_TO_DATE(DATE_FORMAT(birthdate, '2018-%m-%d'), '%Y-%m-%d'), NOW()) >=0
            AND assigned_user_id = '1' : MySQL error 1054: Unknown column 'birthdate' in 'where clause'
03/27/18 22:59:30 [5344][1][FATAL]  Query Failed: INSERT INTO tracker_sessions (session_id,date_start,date_end,client_ip,user_id,round_trips ) VALUES ( 'spsa8tth20joc348gn7j8bst24','2018-03-27 15:59:28','2018-03-27 15:59:28','::1','1',1): MySQL error 1062: Duplicate entry '0' for key 'PRIMARY'
03/27/18 22:59:33 [5344][1][FATAL]  Query Failed: INSERT INTO tracker_sessions (session_id,date_start,date_end,client_ip,user_id,round_trips ) VALUES ( 'spsa8tth20joc348gn7j8bst24','2018-03-27 15:59:32','2018-03-27 15:59:32','::1','1',1): MySQL error 1062: Duplicate entry '0' for key 'PRIMARY'
03/27/18 23:01:15 [5344][1][FATAL]  Query Failed: SELECT id, NAME ,'Accounts' module_name
            FROM
            accounts 
            WHERE deleted = 0 
            AND DATEDIFF(STR_TO_DATE(DATE_FORMAT(birthdate, '2018-%m-%d'), '%Y-%m-%d'), NOW()) <7
           -- AND DATEDIFF(DATE(CONCAT(YEAR(NOW()), '-', select_month_dob, '-', select_day_dob)), DATE(NOW())) <=  7 
           -- AND DATEDIFF(DATE(CONCAT(YEAR(NOW()), '-', month_dob, '-', day_dob) ), DATE(NOW())) >0 
            AND DATEDIFF(STR_TO_DATE(DATE_FORMAT(birthdate, '2018-%m-%d'), '%Y-%m-%d'), NOW()) >=0
            AND assigned_user_id = '1'
            UNION ALL
            SELECT id, CONCAT(IFNULL(first_name,''),' ',IFNULL(last_name,'')) NAME, 'Contacts' module_name
            FROM
            contacts 
            WHERE deleted = 0 
            AND DATEDIFF(STR_TO_DATE(DATE_FORMAT(birthdate, '2018-%m-%d'), '%Y-%m-%d'), NOW()) <7 
            AND DATEDIFF(STR_TO_DATE(DATE_FORMAT(birthdate, '2018-%m-%d'), '%Y-%m-%d'), NOW()) >=0
            AND assigned_user_id = '1' : MySQL error 1054: Unknown column 'birthdate' in 'where clause'
03/27/18 23:01:15 [5344][1][FATAL]  Query Failed: INSERT INTO tracker_sessions (session_id,date_start,date_end,client_ip,user_id,round_trips ) VALUES ( 'spsa8tth20joc348gn7j8bst24','2018-03-27 16:01:14','2018-03-27 16:01:14','::1','1',1): MySQL error 1062: Duplicate entry '0' for key 'PRIMARY'
03/27/18 23:01:18 [5344][1][FATAL]  Query Failed: SELECT id, NAME ,'Accounts' module_name
            FROM
            accounts 
            WHERE deleted = 0 
            AND DATEDIFF(STR_TO_DATE(DATE_FORMAT(birthdate, '2018-%m-%d'), '%Y-%m-%d'), NOW()) <7
           -- AND DATEDIFF(DATE(CONCAT(YEAR(NOW()), '-', select_month_dob, '-', select_day_dob)), DATE(NOW())) <=  7 
           -- AND DATEDIFF(DATE(CONCAT(YEAR(NOW()), '-', month_dob, '-', day_dob) ), DATE(NOW())) >0 
            AND DATEDIFF(STR_TO_DATE(DATE_FORMAT(birthdate, '2018-%m-%d'), '%Y-%m-%d'), NOW()) >=0
            AND assigned_user_id = '1'
            UNION ALL
            SELECT id, CONCAT(IFNULL(first_name,''),' ',IFNULL(last_name,'')) NAME, 'Contacts' module_name
            FROM
            contacts 
            WHERE deleted = 0 
            AND DATEDIFF(STR_TO_DATE(DATE_FORMAT(birthdate, '2018-%m-%d'), '%Y-%m-%d'), NOW()) <7 
            AND DATEDIFF(STR_TO_DATE(DATE_FORMAT(birthdate, '2018-%m-%d'), '%Y-%m-%d'), NOW()) >=0
            AND assigned_user_id = '1' : MySQL error 1054: Unknown column 'birthdate' in 'where clause'
03/27/18 23:01:19 [5344][1][FATAL]  Query Failed: INSERT INTO tracker_sessions (session_id,date_start,date_end,client_ip,user_id,round_trips ) VALUES ( 'spsa8tth20joc348gn7j8bst24','2018-03-27 16:01:17','2018-03-27 16:01:17','::1','1',1): MySQL error 1062: Duplicate entry '0' for key 'PRIMARY'
03/27/18 23:01:19 [5344][1][FATAL]  Query Failed: INSERT INTO tracker_sessions (session_id,date_start,date_end,client_ip,user_id,round_trips ) VALUES ( 'spsa8tth20joc348gn7j8bst24','2018-03-27 16:01:17','2018-03-27 16:01:17','::1','1',1): MySQL error 1062: Duplicate entry '0' for key 'PRIMARY'
03/27/18 23:02:33 [5344][1][FATAL]  Query Failed: SELECT id, NAME ,'Accounts' module_name
            FROM
            accounts 
            WHERE deleted = 0 
            AND DATEDIFF(STR_TO_DATE(DATE_FORMAT(birthdate, '2018-%m-%d'), '%Y-%m-%d'), NOW()) <7
           -- AND DATEDIFF(DATE(CONCAT(YEAR(NOW()), '-', select_month_dob, '-', select_day_dob)), DATE(NOW())) <=  7 
           -- AND DATEDIFF(DATE(CONCAT(YEAR(NOW()), '-', month_dob, '-', day_dob) ), DATE(NOW())) >0 
            AND DATEDIFF(STR_TO_DATE(DATE_FORMAT(birthdate, '2018-%m-%d'), '%Y-%m-%d'), NOW()) >=0
            AND assigned_user_id = '1'
            UNION ALL
            SELECT id, CONCAT(IFNULL(first_name,''),' ',IFNULL(last_name,'')) NAME, 'Contacts' module_name
            FROM
            contacts 
            WHERE deleted = 0 
            AND DATEDIFF(STR_TO_DATE(DATE_FORMAT(birthdate, '2018-%m-%d'), '%Y-%m-%d'), NOW()) <7 
            AND DATEDIFF(STR_TO_DATE(DATE_FORMAT(birthdate, '2018-%m-%d'), '%Y-%m-%d'), NOW()) >=0
            AND assigned_user_id = '1' : MySQL error 1054: Unknown column 'birthdate' in 'where clause'
03/27/18 23:02:58 [5344][1][FATAL]  Query Failed: INSERT INTO tracker_sessions (session_id,date_start,date_end,client_ip,user_id,round_trips ) VALUES ( 'spsa8tth20joc348gn7j8bst24','2018-03-27 16:02:31','2018-03-27 16:02:31','::1','1',1): MySQL error 1062: Duplicate entry '0' for key 'PRIMARY'
03/27/18 23:02:58 [5344][1][FATAL]  Query Failed: SELECT id, NAME ,'Accounts' module_name
            FROM
            accounts 
            WHERE deleted = 0 
            AND DATEDIFF(STR_TO_DATE(DATE_FORMAT(birthdate, '2018-%m-%d'), '%Y-%m-%d'), NOW()) <7
           -- AND DATEDIFF(DATE(CONCAT(YEAR(NOW()), '-', select_month_dob, '-', select_day_dob)), DATE(NOW())) <=  7 
           -- AND DATEDIFF(DATE(CONCAT(YEAR(NOW()), '-', month_dob, '-', day_dob) ), DATE(NOW())) >0 
            AND DATEDIFF(STR_TO_DATE(DATE_FORMAT(birthdate, '2018-%m-%d'), '%Y-%m-%d'), NOW()) >=0
            AND assigned_user_id = '1'
            UNION ALL
            SELECT id, CONCAT(IFNULL(first_name,''),' ',IFNULL(last_name,'')) NAME, 'Contacts' module_name
            FROM
            contacts 
            WHERE deleted = 0 
            AND DATEDIFF(STR_TO_DATE(DATE_FORMAT(birthdate, '2018-%m-%d'), '%Y-%m-%d'), NOW()) <7 
            AND DATEDIFF(STR_TO_DATE(DATE_FORMAT(birthdate, '2018-%m-%d'), '%Y-%m-%d'), NOW()) >=0
            AND assigned_user_id = '1' : MySQL error 1054: Unknown column 'birthdate' in 'where clause'
03/27/18 23:02:59 [5344][1][FATAL]  Query Failed: INSERT INTO tracker_sessions (session_id,date_start,date_end,client_ip,user_id,round_trips ) VALUES ( 'spsa8tth20joc348gn7j8bst24','2018-03-27 16:02:33','2018-03-27 16:02:33','::1','1',1): MySQL error 1062: Duplicate entry '0' for key 'PRIMARY'
03/27/18 23:02:59 [5344][1][FATAL]  Query Failed: SELECT id, NAME ,'Accounts' module_name
            FROM
            accounts 
            WHERE deleted = 0 
            AND DATEDIFF(STR_TO_DATE(DATE_FORMAT(birthdate, '2018-%m-%d'), '%Y-%m-%d'), NOW()) <7
           -- AND DATEDIFF(DATE(CONCAT(YEAR(NOW()), '-', select_month_dob, '-', select_day_dob)), DATE(NOW())) <=  7 
           -- AND DATEDIFF(DATE(CONCAT(YEAR(NOW()), '-', month_dob, '-', day_dob) ), DATE(NOW())) >0 
            AND DATEDIFF(STR_TO_DATE(DATE_FORMAT(birthdate, '2018-%m-%d'), '%Y-%m-%d'), NOW()) >=0
            AND assigned_user_id = '1'
            UNION ALL
            SELECT id, CONCAT(IFNULL(first_name,''),' ',IFNULL(last_name,'')) NAME, 'Contacts' module_name
            FROM
            contacts 
            WHERE deleted = 0 
            AND DATEDIFF(STR_TO_DATE(DATE_FORMAT(birthdate, '2018-%m-%d'), '%Y-%m-%d'), NOW()) <7 
            AND DATEDIFF(STR_TO_DATE(DATE_FORMAT(birthdate, '2018-%m-%d'), '%Y-%m-%d'), NOW()) >=0
            AND assigned_user_id = '1' : MySQL error 1054: Unknown column 'birthdate' in 'where clause'
03/27/18 23:02:59 [5344][1][FATAL]  Query Failed: INSERT INTO tracker_sessions (session_id,date_start,date_end,client_ip,user_id,round_trips ) VALUES ( 'spsa8tth20joc348gn7j8bst24','2018-03-27 16:02:38','2018-03-27 16:02:38','::1','1',1): MySQL error 1062: Duplicate entry '0' for key 'PRIMARY'
03/27/18 23:03:03 [5344][1][FATAL]  Query Failed: INSERT INTO tracker_sessions (session_id,date_start,date_end,client_ip,user_id,round_trips ) VALUES ( 'spsa8tth20joc348gn7j8bst24','2018-03-27 16:03:01','2018-03-27 16:03:01','::1','1',1): MySQL error 1062: Duplicate entry '0' for key 'PRIMARY'
03/27/18 23:04:17 [5344][1][FATAL]  Query Failed: INSERT INTO tracker_sessions (session_id,date_start,date_end,client_ip,user_id,round_trips ) VALUES ( 'spsa8tth20joc348gn7j8bst24','2018-03-27 16:04:15','2018-03-27 16:04:15','::1','1',1): MySQL error 1062: Duplicate entry '0' for key 'PRIMARY'
03/27/18 23:04:27 [5344][1][FATAL]  Query Failed: INSERT INTO tracker_sessions (session_id,date_start,date_end,client_ip,user_id,round_trips ) VALUES ( 'spsa8tth20joc348gn7j8bst24','2018-03-27 16:04:25','2018-03-27 16:04:25','::1','1',1): MySQL error 1062: Duplicate entry '0' for key 'PRIMARY'
03/27/18 23:04:27 [5344][1][FATAL]  Query Failed: INSERT INTO tracker (monitor_id,user_id,module_name,item_id,item_summary,team_id,date_modified,action,session_id,visible ) VALUES ( 'da229218-0578-769b-4123-5aba6baa3708','1','C_ConfigID','208cca78-ba8b-42a0-927e-5aba6bb9fcd5','HD','81489b81-fbb1-2862-4109-52f3a7820594','2018-03-27 16:04:25','save','spsa8tth20joc348gn7j8bst24','1'): MySQL error 1062: Duplicate entry '0' for key 'PRIMARY'
03/27/18 23:04:32 [5344][1][FATAL]  Query Failed: SELECT id, NAME ,'Accounts' module_name
            FROM
            accounts 
            WHERE deleted = 0 
            AND DATEDIFF(STR_TO_DATE(DATE_FORMAT(birthdate, '2018-%m-%d'), '%Y-%m-%d'), NOW()) <7
           -- AND DATEDIFF(DATE(CONCAT(YEAR(NOW()), '-', select_month_dob, '-', select_day_dob)), DATE(NOW())) <=  7 
           -- AND DATEDIFF(DATE(CONCAT(YEAR(NOW()), '-', month_dob, '-', day_dob) ), DATE(NOW())) >0 
            AND DATEDIFF(STR_TO_DATE(DATE_FORMAT(birthdate, '2018-%m-%d'), '%Y-%m-%d'), NOW()) >=0
            AND assigned_user_id = '1'
            UNION ALL
            SELECT id, CONCAT(IFNULL(first_name,''),' ',IFNULL(last_name,'')) NAME, 'Contacts' module_name
            FROM
            contacts 
            WHERE deleted = 0 
            AND DATEDIFF(STR_TO_DATE(DATE_FORMAT(birthdate, '2018-%m-%d'), '%Y-%m-%d'), NOW()) <7 
            AND DATEDIFF(STR_TO_DATE(DATE_FORMAT(birthdate, '2018-%m-%d'), '%Y-%m-%d'), NOW()) >=0
            AND assigned_user_id = '1' : MySQL error 1054: Unknown column 'birthdate' in 'where clause'
03/27/18 23:04:32 [5344][1][FATAL]  Query Failed: INSERT INTO tracker_sessions (session_id,date_start,date_end,client_ip,user_id,round_trips ) VALUES ( 'spsa8tth20joc348gn7j8bst24','2018-03-27 16:04:31','2018-03-27 16:04:31','::1','1',1): MySQL error 1062: Duplicate entry '0' for key 'PRIMARY'
03/27/18 23:04:37 [5344][1][FATAL]  Query Failed: INSERT INTO tracker_sessions (session_id,date_start,date_end,client_ip,user_id,round_trips ) VALUES ( 'spsa8tth20joc348gn7j8bst24','2018-03-27 16:04:36','2018-03-27 16:04:36','::1','1',1): MySQL error 1062: Duplicate entry '0' for key 'PRIMARY'
03/27/18 23:04:38 [5344][1][FATAL]  Query Failed: INSERT INTO tracker_sessions (session_id,date_start,date_end,client_ip,user_id,round_trips ) VALUES ( 'spsa8tth20joc348gn7j8bst24','2018-03-27 16:04:36','2018-03-27 16:04:36','::1','1',1): MySQL error 1062: Duplicate entry '0' for key 'PRIMARY'
